Log file open, 11/26/17 12:49:06
LogWindows: Failed to load 'aqProf.dll' (GetLastError=126)
LogWindows: File 'aqProf.dll' does not exist
LogWindows: Failed to load 'VtuneApi.dll' (GetLastError=126)
LogWindows: File 'VtuneApi.dll' does not exist
LogWindows: Failed to load 'VtuneApi32e.dll' (GetLastError=126)
LogWindows: File 'VtuneApi32e.dll' does not exist
LogInit: Display: Running engine for game: Hunt
LogPlatformFile: Not using cached read wrapper
LogInit: Display: RandInit(78153851) SRandInit(78153851).
LogInit: Read version file with build ID '3709383'
LogInit: Overriding engine version to CL 3709383, compatible CL 3709383
LogInit: Registered custom module enumerator with build ID '3709383'
LogTaskGraph: Started task graph with 5 named threads and 14 total threads with 3 sets of task threads.
LogStats: Stats thread started at 0.688517
LogD3D11RHI: Aftermath initialized
LogModuleManager: Display: Found up-to-date module file ../../../Engine/Plugins/Marketplace/Substance/Binaries/Win64/UE4Editor-SubstanceCore.dll (API version 3709383).
LogModuleManager: Display: Found up-to-date module file ../../../Engine/Plugins/Marketplace/Substance/Binaries/Win64/UE4Editor-SubstanceEditor.dll (API version 3709383).
LogModuleManager: Display: Found up-to-date module file ../../../Engine/Plugins/Marketplace/Substance/Binaries/Win64/UE4Editor-SubstanceSource.dll (API version 3709383).
LogModuleManager: Display: Found up-to-date module file ../../../Engine/Plugins/2D/Paper2D/Binaries/Win64/UE4Editor-Paper2D.dll (API version 3709383).
LogModuleManager: Display: Found up-to-date module file ../../../Engine/Plugins/2D/Paper2D/Binaries/Win64/UE4Editor-Paper2DEditor.dll (API version 3709383).
LogModuleManager: Display: Found up-to-date module file ../../../Engine/Plugins/2D/Paper2D/Binaries/Win64/UE4Editor-PaperSpriteSheetImporter.dll (API version 3709383).
LogModuleManager: Display: Found up-to-date module file ../../../Engine/Plugins/2D/Paper2D/Binaries/Win64/UE4Editor-PaperTiledImporter.dll (API version 3709383).
LogModuleManager: Display: Found up-to-date module file ../../../Engine/Plugins/2D/Paper2D/Binaries/Win64/UE4Editor-SmartSnapping.dll (API version 3709383).
LogModuleManager: Display: Found up-to-date module file ../../../Engine/Plugins/Blendables/LightPropagationVolume/Binaries/Win64/UE4Editor-LightPropagationVolumeRuntime.dll (API version 3709383).
LogModuleManager: Display: Found up-to-date module file ../../../Engine/Plugins/Blendables/LightPropagationVolume/Binaries/Win64/UE4Editor-LightPropagationVolumeEditor.dll (API version 3709383).
LogModuleManager: Display: Found up-to-date module file ../../../Engine/Plugins/Developer/GitSourceControl/Binaries/Win64/UE4Editor-GitSourceControl.dll (API version 3709383).
LogModuleManager: Display: Found up-to-date module file ../../../Engine/Plugins/Developer/PerforceSourceControl/Binaries/Win64/UE4Editor-PerforceSourceControl.dll (API version 3709383).
LogModuleManager: Display: Found up-to-date module file ../../../Engine/Plugins/Developer/SubversionSourceControl/Binaries/Win64/UE4Editor-SubversionSourceControl.dll (API version 3709383).
LogModuleManager: Display: Found up-to-date module file ../../../Engine/Plugins/Developer/UObjectPlugin/Binaries/Win64/UE4Editor-UObjectPlugin.dll (API version 3709383).
LogModuleManager: Display: Found up-to-date module file ../../../Engine/Plugins/Developer/VisualStudioCodeSourceCodeAccess/Binaries/Win64/UE4Editor-VisualStudioCodeSourceCodeAccess.dll (API version 3709383).
LogModuleManager: Display: Found up-to-date module file ../../../Engine/Plugins/Developer/VisualStudioSourceCodeAccess/Binaries/Win64/UE4Editor-VisualStudioSourceCodeAccess.dll (API version 3709383).
LogModuleManager: Display: Found up-to-date module file ../../../Engine/Plugins/Editor/AssetManagerEditor/Binaries/Win64/UE4Editor-AssetManagerEditor.dll (API version 3709383).
LogModuleManager: Display: Found up-to-date module file ../../../Engine/Plugins/Editor/AudioCapture/Binaries/Win64/UE4Editor-AudioCapture.dll (API version 3709383).
LogModuleManager: Display: Found up-to-date module file ../../../Engine/Plugins/Editor/FacialAnimation/Binaries/Win64/UE4Editor-FacialAnimation.dll (API version 3709383).
LogModuleManager: Display: Found up-to-date module file ../../../Engine/Plugins/Editor/FacialAnimation/Binaries/Win64/UE4Editor-FacialAnimationEditor.dll (API version 3709383).
LogModuleManager: Display: Found up-to-date module file ../../../Engine/Plugins/Editor/GameplayTagsEditor/Binaries/Win64/UE4Editor-GameplayTagsEditor.dll (API version 3709383).
LogModuleManager: Display: Found up-to-date module file ../../../Engine/Plugins/Editor/MobileLauncherProfileWizard/Binaries/Win64/UE4Editor-MobileLauncherProfileWizard.dll (API version 3709383).
LogModuleManager: Display: Found up-to-date module file ../../../Engine/Plugins/Editor/PluginBrowser/Binaries/Win64/UE4Editor-PluginBrowser.dll (API version 3709383).
LogModuleManager: Display: Found up-to-date module file ../../../Engine/Plugins/Editor/SpeedTreeImporter/Binaries/Win64/UE4Editor-SpeedTreeImporter.dll (API version 3709383).
LogModuleManager: Display: Found up-to-date module file ../../../Engine/Plugins/Experimental/AlembicImporter/Binaries/Win64/UE4Editor-AlembicImporter.dll (API version 3709383).
LogModuleManager: Display: Found up-to-date module file ../../../Engine/Plugins/Experimental/AlembicImporter/Binaries/Win64/UE4Editor-AlembicLibrary.dll (API version 3709383).
LogModuleManager: Display: Found up-to-date module file ../../../Engine/Plugins/Experimental/CharacterAI/Binaries/Win64/UE4Editor-CharacterAI.dll (API version 3709383).
LogModuleManager: Display: Found up-to-date module file ../../../Engine/Plugins/Experimental/HTML5Networking/Binaries/Win64/UE4Editor-HTML5Networking.dll (API version 3709383).
LogModuleManager: Display: Found up-to-date module file ../../../Engine/Plugins/Media/AndroidMedia/Binaries/Win64/UE4Editor-AndroidMediaEditor.dll (API version 3709383).
LogModuleManager: Display: Found up-to-date module file ../../../Engine/Plugins/Media/AndroidMedia/Binaries/Win64/UE4Editor-AndroidMediaFactory.dll (API version 3709383).
LogModuleManager: Display: Found up-to-date module file ../../../Engine/Plugins/Media/AvfMedia/Binaries/Win64/UE4Editor-AvfMediaEditor.dll (API version 3709383).
LogModuleManager: Display: Found up-to-date module file ../../../Engine/Plugins/Media/AvfMedia/Binaries/Win64/UE4Editor-AvfMediaFactory.dll (API version 3709383).
LogModuleManager: Display: Found up-to-date module file ../../../Engine/Plugins/Media/AvfMedia/Binaries/Win64/UE4Editor-AvfMediaFactory.dll (API version 3709383).
LogModuleManager: Display: Found up-to-date module file ../../../Engine/Plugins/Media/ImgMedia/Binaries/Win64/UE4Editor-ImgMedia.dll (API version 3709383).
LogModuleManager: Display: Found up-to-date module file ../../../Engine/Plugins/Media/ImgMedia/Binaries/Win64/UE4Editor-ImgMediaEditor.dll (API version 3709383).
LogModuleManager: Display: Found up-to-date module file ../../../Engine/Plugins/Media/ImgMedia/Binaries/Win64/UE4Editor-ImgMediaFactory.dll (API version 3709383).
LogModuleManager: Display: Found up-to-date module file ../../../Engine/Plugins/Media/ImgMedia/Binaries/Win64/UE4Editor-ImgMediaFactory.dll (API version 3709383).
LogModuleManager: Display: Found up-to-date module file ../../../Engine/Plugins/Media/ImgMedia/Binaries/Win64/UE4Editor-OpenExrWrapper.dll (API version 3709383).
LogModuleManager: Display: Found up-to-date module file ../../../Engine/Plugins/Media/MediaCompositing/Binaries/Win64/UE4Editor-MediaCompositing.dll (API version 3709383).
LogModuleManager: Display: Found up-to-date module file ../../../Engine/Plugins/Media/MediaCompositing/Binaries/Win64/UE4Editor-MediaCompositingEditor.dll (API version 3709383).
LogModuleManager: Display: Found up-to-date module file ../../../Engine/Plugins/Media/MediaPlayerEditor/Binaries/Win64/UE4Editor-MediaPlayerEditor.dll (API version 3709383).
LogModuleManager: Display: Found up-to-date module file ../../../Engine/Plugins/Media/WmfMedia/Binaries/Win64/UE4Editor-WmfMedia.dll (API version 3709383).
LogModuleManager: Display: Found up-to-date module file ../../../Engine/Plugins/Media/WmfMedia/Binaries/Win64/UE4Editor-WmfMediaEditor.dll (API version 3709383).
LogModuleManager: Display: Found up-to-date module file ../../../Engine/Plugins/Media/WmfMedia/Binaries/Win64/UE4Editor-WmfMediaFactory.dll (API version 3709383).
LogModuleManager: Display: Found up-to-date module file ../../../Engine/Plugins/Media/WmfMedia/Binaries/Win64/UE4Editor-WmfMediaFactory.dll (API version 3709383).
LogModuleManager: Display: Found up-to-date module file ../../../Engine/Plugins/Messaging/TcpMessaging/Binaries/Win64/UE4Editor-TcpMessaging.dll (API version 3709383).
LogModuleManager: Display: Found up-to-date module file ../../../Engine/Plugins/Messaging/UdpMessaging/Binaries/Win64/UE4Editor-UdpMessaging.dll (API version 3709383).
LogModuleManager: Display: Found up-to-date module file ../../../Engine/Plugins/MovieScene/ActorSequence/Binaries/Win64/UE4Editor-ActorSequence.dll (API version 3709383).
LogModuleManager: Display: Found up-to-date module file ../../../Engine/Plugins/MovieScene/LevelSequenceEditor/Binaries/Win64/UE4Editor-LevelSequenceEditor.dll (API version 3709383).
LogModuleManager: Display: Found up-to-date module file ../../../Engine/Plugins/MovieScene/MatineeToLevelSequence/Binaries/Win64/UE4Editor-MatineeToLevelSequence.dll (API version 3709383).
LogModuleManager: Display: Found up-to-date module file ../../../Engine/Plugins/Online/OnlineSubsystem/Binaries/Win64/UE4Editor-OnlineSubsystem.dll (API version 3709383).
LogModuleManager: Display: Found up-to-date module file ../../../Engine/Plugins/Runtime/AndroidPermission/Binaries/Win64/UE4Editor-AndroidPermission.dll (API version 3709383).
LogModuleManager: Display: Found up-to-date module file ../../../Engine/Plugins/Online/OnlineSubsystemNull/Binaries/Win64/UE4Editor-OnlineSubsystemNull.dll (API version 3709383).
LogModuleManager: Display: Found up-to-date module file ../../../Engine/Plugins/Online/OnlineSubsystemUtils/Binaries/Win64/UE4Editor-OnlineSubsystemUtils.dll (API version 3709383).
LogModuleManager: Display: Found up-to-date module file ../../../Engine/Plugins/Online/OnlineSubsystemUtils/Binaries/Win64/UE4Editor-OnlineBlueprintSupport.dll (API version 3709383).
LogModuleManager: Display: Found up-to-date module file ../../../Engine/Plugins/Runtime/AndroidDeviceProfileSelector/Binaries/Win64/UE4Editor-AndroidDeviceProfileSelector.dll (API version 3709383).
LogModuleManager: Display: Found up-to-date module file ../../../Engine/Plugins/Runtime/AppleARKit/Binaries/Win64/UE4Editor-AppleARKit.dll (API version 3709383).
LogModuleManager: Display: Found up-to-date module file ../../../Engine/Plugins/Runtime/ArchVisCharacter/Binaries/Win64/UE4Editor-ArchVisCharacter.dll (API version 3709383).
LogModuleManager: Display: Found up-to-date module file ../../../Engine/Plugins/Runtime/CableComponent/Binaries/Win64/UE4Editor-CableComponent.dll (API version 3709383).
LogModuleManager: Display: Found up-to-date module file ../../../Engine/Plugins/Runtime/CustomMeshComponent/Binaries/Win64/UE4Editor-CustomMeshComponent.dll (API version 3709383).
LogModuleManager: Display: Found up-to-date module file ../../../Engine/Plugins/Runtime/ExampleDeviceProfileSelector/Binaries/Win64/UE4Editor-ExampleDeviceProfileSelector.dll (API version 3709383).
LogModuleManager: Display: Found up-to-date module file ../../../Engine/Plugins/Runtime/ImmediatePhysics/Binaries/Win64/UE4Editor-ImmediatePhysics.dll (API version 3709383).
LogModuleManager: Display: Found up-to-date module file ../../../Engine/Plugins/Runtime/ImmediatePhysics/Binaries/Win64/UE4Editor-ImmediatePhysicsEditor.dll (API version 3709383).
LogModuleManager: Display: Found up-to-date module file ../../../Engine/Plugins/Runtime/LocationServicesBPLibrary/Binaries/Win64/UE4Editor-LocationServicesBPLibrary.dll (API version 3709383).
LogModuleManager: Display: Found up-to-date module file ../../../Engine/Plugins/Runtime/MobilePatchingUtils/Binaries/Win64/UE4Editor-MobilePatchingUtils.dll (API version 3709383).
LogModuleManager: Display: Found up-to-date module file ../../../Engine/Plugins/Runtime/Oculus/OculusVR/Binaries/Win64/UE4Editor-OculusHMD.dll (API version 3709383).
LogModuleManager: Display: Found up-to-date module file ../../../Engine/Plugins/Runtime/Oculus/OculusVR/Binaries/Win64/UE4Editor-OculusInput.dll (API version 3709383).
LogModuleManager: Display: Found up-to-date module file ../../../Engine/Plugins/Runtime/Oculus/OculusVR/Binaries/Win64/UE4Editor-OculusEditor.dll (API version 3709383).
LogModuleManager: Display: Found up-to-date module file ../../../Engine/Plugins/Runtime/PhysXVehicles/Binaries/Win64/UE4Editor-PhysXVehicles.dll (API version 3709383).
LogModuleManager: Display: Found up-to-date module file ../../../Engine/Plugins/Runtime/PhysXVehicles/Binaries/Win64/UE4Editor-PhysXVehiclesEditor.dll (API version 3709383).
LogModuleManager: Display: Found up-to-date module file ../../../Engine/Plugins/Runtime/ProceduralMeshComponent/Binaries/Win64/UE4Editor-ProceduralMeshComponent.dll (API version 3709383).
LogModuleManager: Display: Found up-to-date module file ../../../Engine/Plugins/Runtime/ProceduralMeshComponent/Binaries/Win64/UE4Editor-ProceduralMeshComponentEditor.dll (API version 3709383).
LogModuleManager: Display: Found up-to-date module file ../../../Engine/Plugins/Runtime/RuntimePhysXCooking/Binaries/Win64/UE4Editor-RuntimePhysXCooking.dll (API version 3709383).
LogModuleManager: Display: Found up-to-date module file ../../../Engine/Plugins/Runtime/Steam/SteamVR/Binaries/Win64/UE4Editor-SteamVR.dll (API version 3709383).
LogModuleManager: Display: Found up-to-date module file ../../../Engine/Plugins/Runtime/Steam/SteamVR/Binaries/Win64/UE4Editor-SteamVRController.dll (API version 3709383).
LogModuleManager: Display: Found up-to-date module file ../../../Engine/Plugins/Runtime/WindowsMoviePlayer/Binaries/Win64/UE4Editor-WindowsMoviePlayer.dll (API version 3709383).
LogPluginManager: Mounting plugin Paper2D
LogPluginManager: Mounting plugin LightPropagationVolume
LogPluginManager: Mounting plugin CodeLiteSourceCodeAccess
LogPluginManager: Mounting plugin GitSourceControl
LogPluginManager: Mounting plugin KDevelopSourceCodeAccess
LogPluginManager: Mounting plugin NullSourceCodeAccess
LogPluginManager: Mounting plugin PerforceSourceControl
LogPluginManager: Mounting plugin SubversionSourceControl
LogPluginManager: Mounting plugin UObjectPlugin
LogPluginManager: Mounting plugin VisualStudioCodeSourceCodeAccess
LogPluginManager: Mounting plugin VisualStudioSourceCodeAccess
LogPluginManager: Mounting plugin XCodeSourceCodeAccess
LogPluginManager: Mounting plugin AssetManagerEditor
LogPluginManager: Mounting plugin AudioCapture
LogPluginManager: Mounting plugin FacialAnimation
LogPluginManager: Mounting plugin GameplayTagsEditor
LogPluginManager: Mounting plugin MobileLauncherProfileWizard
LogPluginManager: Mounting plugin PluginBrowser
LogPluginManager: Mounting plugin SpeedTreeImporter
LogPluginManager: Mounting plugin AlembicImporter
LogPluginManager: Mounting plugin CharacterAI
LogPluginManager: Mounting plugin HTML5Networking
LogPluginManager: Mounting plugin Substance
LogPluginManager: Mounting plugin AndroidMedia
LogPluginManager: Mounting plugin AvfMedia
LogPluginManager: Mounting plugin ImgMedia
LogPluginManager: Mounting plugin MediaCompositing
LogPluginManager: Mounting plugin MediaPlayerEditor
LogPluginManager: Mounting plugin WmfMedia
LogPluginManager: Mounting plugin TcpMessaging
LogPluginManager: Mounting plugin UdpMessaging
LogPluginManager: Mounting plugin ActorSequence
LogPluginManager: Mounting plugin LevelSequenceEditor
LogPluginManager: Mounting plugin MatineeToLevelSequence
LogPluginManager: Mounting plugin OnlineSubsystemGooglePlay
LogPluginManager: Mounting plugin OnlineSubsystemIOS
LogPluginManager: Mounting plugin OnlineSubsystem
LogPluginManager: Mounting plugin OnlineSubsystemNull
LogPluginManager: Mounting plugin OnlineSubsystemUtils
LogPluginManager: Mounting plugin AndroidDeviceProfileSelector
LogPluginManager: Mounting plugin AndroidMoviePlayer
LogPluginManager: Mounting plugin AndroidPermission
LogPluginManager: Mounting plugin AppleARKit
LogPluginManager: Mounting plugin AppleMoviePlayer
LogPluginManager: Mounting plugin ArchVisCharacter
LogPluginManager: Mounting plugin CableComponent
LogPluginManager: Mounting plugin CustomMeshComponent
LogPluginManager: Mounting plugin ExampleDeviceProfileSelector
LogPluginManager: Mounting plugin GoogleCloudMessaging
LogPluginManager: Mounting plugin ImmediatePhysics
LogPluginManager: Mounting plugin IOSDeviceProfileSelector
LogPluginManager: Mounting plugin LinuxDeviceProfileSelector
LogPluginManager: Mounting plugin LocationServicesBPLibrary
LogPluginManager: Mounting plugin MobilePatchingUtils
LogPluginManager: Mounting plugin OculusVR
LogPluginManager: Plugin shader directory ../../../Engine/Plugins/Runtime/Oculus/OculusVR/Shaders found
LogPluginManager: Mapping shader source directory ../../../Engine/Plugins/Runtime/Oculus/OculusVR/Shaders to virtual directory /Plugin/OculusVR
LogPluginManager: Mounting plugin PhysXVehicles
LogPluginManager: Mounting plugin ProceduralMeshComponent
LogPluginManager: Mounting plugin RuntimePhysXCooking
LogPluginManager: Mounting plugin SteamVR
LogPluginManager: Mounting plugin WindowsMoviePlayer
LogInit: Using libcurl 7.47.1
LogInit:  - built for x86_64-pc-win32
LogInit:  - supports SSL with OpenSSL/1.0.2g
LogInit:  - supports HTTP deflate (compression) using libz 1.2.8
LogInit:  - other features:
LogInit:      CURL_VERSION_SSL
LogInit:      CURL_VERSION_LIBZ
LogInit:      CURL_VERSION_IPV6
LogInit:      CURL_VERSION_ASYNCHDNS
LogInit:      CURL_VERSION_LARGEFILE
LogInit:      CURL_VERSION_IDN
LogInit:  CurlRequestOptions (configurable via config and command line):
LogInit:  - bVerifyPeer = false  - Libcurl will NOT verify peer certificate
LogInit:  - bUseHttpProxy = false  - Libcurl will NOT use HTTP proxy
LogInit:  - bDontReuseConnections = false  - Libcurl will reuse connections
LogInit:  - CertBundlePath = nullptr  - Libcurl will use whatever was configured at build time.
LogInit: Build: ++UE4+Release-4.18-CL-3709383
LogInit: Engine Version: 4.18.0-3709383+++UE4+Release-4.18
LogInit: Compatible Engine Version: 4.18.0-3709383+++UE4+Release-4.18
LogInit: Net CL: 3709383
LogDevObjectVersion: Number of dev versions registered: 16
LogDevObjectVersion:   Dev-Blueprints (B0D832E4-1F89-4F0D-ACCF-7EB736FD4AA2): 10
LogDevObjectVersion:   Dev-Build (E1C64328-A22C-4D53-A36C-8E866417BD8C): 0
LogDevObjectVersion:   Dev-Core (375EC13C-06E4-48FB-B500-84F0262A717E): 2
LogDevObjectVersion:   Dev-Editor (E4B068ED-F494-42E9-A231-DA0B2E46BB41): 20
LogDevObjectVersion:   Dev-Framework (CFFC743F-43B0-4480-9391-14DF171D2073): 30
LogDevObjectVersion:   Dev-Mobile (B02B49B5-BB20-44E9-A304-32B752E40360): 0
LogDevObjectVersion:   Dev-Networking (A4E4105C-59A1-49B5-A7C5-40C4547EDFEE): 0
LogDevObjectVersion:   Dev-Online (39C831C9-5AE6-47DC-9A44-9C173E1C8E7C): 0
LogDevObjectVersion:   Dev-Physics (78F01B33-EBEA-4F98-B9B4-84EACCB95AA2): 0
LogDevObjectVersion:   Dev-Platform (6631380F-2D4D-43E0-8009-CF276956A95A): 0
LogDevObjectVersion:   Dev-Rendering (12F88B9F-8875-4AFC-A67C-D90C383ABD29): 20
LogDevObjectVersion:   Dev-Sequencer (7B5AE74C-D270-4C10-A958-57980B212A5A): 4
LogDevObjectVersion:   Dev-VR (D7296918-1DD6-4BDD-9DE2-64A83CC13884): 0
LogDevObjectVersion:   Dev-LoadTimes (C2A15278-BFE7-4AFE-6C17-90FF531DF755): 1
LogDevObjectVersion:   Private-Geometry (6EACA3D4-40EC-4CC1-B786-8BED09428FC5): 1
LogDevObjectVersion:   Dev-AnimPhys (29E575DD-E0A3-4627-9D10-D276232CDCEA): 12
LogInit: Compiled (64-bit): Oct 20 2017 10:39:19
LogInit: Compiled with Visual C++: 19.00.24215.01
LogInit: Build Configuration: Development
LogInit: Branch Name: ++UE4+Release-4.18
LogInit: Command line:  
LogInit: Base directory: C:/Program Files/UE_4.18/Engine/Binaries/Win64/
LogInit: Installed Engine Build: 1
LogInit: Presizing for max 8388607 objects, including 0 objects not considered by GC, pre-allocating 0 bytes for permanent pool.
LogInit: Object subsystem initialized
[2017.11.26-17.49.09:030][  0]LogInit: Selected Device Profile: [Windows]
[2017.11.26-17.49.09:030][  0]LogInit: Applying CVar settings loaded from the selected device profile: [Windows]
[2017.11.26-17.49.09:145][  0]LogInit: Computer: DESKTOP-0SPOBAU
[2017.11.26-17.49.09:145][  0]LogInit: User: atayl
[2017.11.26-17.49.09:145][  0]LogInit: CPU Page size=4096, Cores=4
[2017.11.26-17.49.09:145][  0]LogInit: High frequency timer resolution =2.531249 MHz
[2017.11.26-17.49.09:145][  0]LogMemory: Memory total: Physical=7.9GB (8GB approx)
[2017.11.26-17.49.09:145][  0]LogMemory: Platform Memory Stats for Windows
[2017.11.26-17.49.09:145][  0]LogMemory: Process Physical Memory: 272.92 MB used, 272.92 MB peak
[2017.11.26-17.49.09:145][  0]LogMemory: Process Virtual Memory: 269.75 MB used, 269.75 MB peak
[2017.11.26-17.49.09:145][  0]LogMemory: Physical Memory: 5083.77 MB used,  2979.25 MB free, 8063.02 MB total
[2017.11.26-17.49.09:145][  0]LogMemory: Virtual Memory: 677.32 MB used,  2979.25 MB free, 134217728.00 MB total
[2017.11.26-17.49.09:924][  0]LogInit: Using OS detected language (en-US).
[2017.11.26-17.49.09:924][  0]LogInit: Using OS detected locale (en-US).
[2017.11.26-17.49.10:005][  0]LogTextLocalizationManager: No specific localization for 'en-US' exists, so the 'en' localization will be used.
[2017.11.26-17.49.13:600][  0]LogD3D11RHI: D3D11 adapters:
[2017.11.26-17.49.13:651][  0]LogD3D11RHI:    0. 'NVIDIA GeForce GTX 1070' (Feature Level 11_0)
[2017.11.26-17.49.13:652][  0]LogD3D11RHI:       8074/0/4031 MB DedicatedVideo/DedicatedSystem/SharedSystem, Outputs:1, VendorId:0x10de
[2017.11.26-17.49.13:706][  0]LogD3D11RHI:    1. 'Intel(R) HD Graphics 530' (Feature Level 11_0)
[2017.11.26-17.49.13:707][  0]LogD3D11RHI:       128/0/4031 MB DedicatedVideo/DedicatedSystem/SharedSystem, Outputs:0, VendorId:0x8086
[2017.11.26-17.49.13:709][  0]LogD3D11RHI:    2. 'Microsoft Basic Render Driver' (Feature Level 11_0)
[2017.11.26-17.49.13:709][  0]LogD3D11RHI:       0/0/4031 MB DedicatedVideo/DedicatedSystem/SharedSystem, Outputs:0, VendorId:0x1414
[2017.11.26-17.49.13:709][  0]LogD3D11RHI: Chosen D3D11 Adapter: 0
[2017.11.26-17.49.13:719][  0]LogD3D11RHI: Creating new Direct3DDevice
[2017.11.26-17.49.13:719][  0]LogD3D11RHI:     GPU DeviceId: 0x1be1 (for the marketing name, search the web for "GPU Device Id")
[2017.11.26-17.49.13:719][  0]LogWindows: EnumDisplayDevices:
[2017.11.26-17.49.13:719][  0]LogWindows:    0. 'NVIDIA GeForce GTX 1070' (P:1 D:1)
[2017.11.26-17.49.13:719][  0]LogWindows:    1. 'NVIDIA GeForce GTX 1070' (P:0 D:0)
[2017.11.26-17.49.13:720][  0]LogWindows:    2. 'NVIDIA GeForce GTX 1070' (P:0 D:0)
[2017.11.26-17.49.13:720][  0]LogWindows:    3. 'NVIDIA GeForce GTX 1070' (P:0 D:0)
[2017.11.26-17.49.13:720][  0]LogWindows:    4. 'Intel(R) HD Graphics 530' (P:0 D:0)
[2017.11.26-17.49.13:720][  0]LogWindows:    5. 'Intel(R) HD Graphics 530' (P:0 D:0)
[2017.11.26-17.49.13:720][  0]LogWindows:    6. 'Intel(R) HD Graphics 530' (P:0 D:0)
[2017.11.26-17.49.13:720][  0]LogWindows: DebugString: GetVideoDriverDetailsInvalid PrimaryIsNotTheChoosenAdapter GetVideoDriverDetailsInvalid PrimaryIsNotTheChoosenAdapter GetVideoDriverDetailsInvalid PrimaryIsNotTheChoosenAdapter GetVideoDriverDetailsInvalid PrimaryIsNotTheChoosenAdapter GetVideoDriverDetailsInvalid PrimaryIsNotTheChoosenAdapter GetVideoDriverDetailsInvalid PrimaryIsNotTheChoosenAdapter GetVideoDriverDetailsInvalid PrimaryIsNotTheChoosenAdapter FoundDriverCount:0 
[2017.11.26-17.49.13:720][  0]LogD3D11RHI:     Adapter Name: NVIDIA GeForce GTX 1070
[2017.11.26-17.49.13:720][  0]LogD3D11RHI:   Driver Version: Unknown (internal:Unknown, unified:Unknown)
[2017.11.26-17.49.13:720][  0]LogD3D11RHI:      Driver Date: Unknown
[2017.11.26-17.49.13:720][  0]LogRHI: Texture pool is 5651 MB (70% of 8074 MB)
[2017.11.26-17.49.13:754][  0]LogD3D11RHI: Async texture creation enabled
[2017.11.26-17.49.13:789][  0]LogD3D11RHI: GPU Timing Frequency: 1000.000000 (Debug: 2 1)
[2017.11.26-17.49.13:840][  0]LogShaderCompilers: Guid format shader working directory is -15 characters bigger than the processId version (E:/WORKSPACE/KERMODE/Kermode-Games/Kermode/GAME/Kermode-Hunt/Intermediate/Shaders/WorkingDirectory/22812/).
[2017.11.26-17.49.13:840][  0]LogShaderCompilers: Cleaned the shader compiler working directory 'C:/Users/atayl/AppData/Local/Temp/UnrealShaderWorkingDir/F56A56ED4EF79CF5E37DF6AE565EFA80/'.
[2017.11.26-17.49.13:841][  0]LogShaderCompilers: Display: Using Local Shader Compiler.
[2017.11.26-17.49.16:493][  0]LogTemp: Display: Loaded TP AllDesktopTargetPlatform
[2017.11.26-17.49.16:559][  0]LogTemp: Display: Loaded TP MacClientTargetPlatform
[2017.11.26-17.49.16:622][  0]LogTemp: Display: Loaded TP MacNoEditorTargetPlatform
[2017.11.26-17.49.16:690][  0]LogTemp: Display: Loaded TP MacServerTargetPlatform
[2017.11.26-17.49.16:756][  0]LogTemp: Display: Loaded TP MacTargetPlatform
[2017.11.26-17.49.16:829][  0]LogTemp: Display: Loaded TP WindowsClientTargetPlatform
[2017.11.26-17.49.16:894][  0]LogTemp: Display: Loaded TP WindowsNoEditorTargetPlatform
[2017.11.26-17.49.16:960][  0]LogTemp: Display: Loaded TP WindowsServerTargetPlatform
[2017.11.26-17.49.17:016][  0]LogTemp: Display: Loaded TP WindowsTargetPlatform
[2017.11.26-17.49.17:081][  0]LogTemp: Display: Loaded TP Android_ASTCTargetPlatform
[2017.11.26-17.49.17:146][  0]LogTemp: Display: Loaded TP Android_ATCTargetPlatform
[2017.11.26-17.49.17:208][  0]LogTemp: Display: Loaded TP Android_DXTTargetPlatform
[2017.11.26-17.49.17:269][  0]LogTemp: Display: Loaded TP Android_ETC1TargetPlatform
[2017.11.26-17.49.17:334][  0]LogTemp: Display: Loaded TP Android_ETC2TargetPlatform
[2017.11.26-17.49.17:461][  0]LogTemp: Display: Loaded TP Android_MultiTargetPlatform
[2017.11.26-17.49.17:461][  0]LogTemp: Display: Loaded TP Android_PVRTCTargetPlatform
[2017.11.26-17.49.17:529][  0]LogTemp: Display: Loaded TP AndroidTargetPlatform
[2017.11.26-17.49.17:579][  0]LogTemp: Display: Loaded TP HTML5TargetPlatform
[2017.11.26-17.49.17:698][  0]LogTemp: Display: Loaded TP IOSTargetPlatform
[2017.11.26-17.49.17:738][  0]LogTemp: Display: Loaded TP TVOSTargetPlatform
[2017.11.26-17.49.17:808][  0]LogTemp: Display: Loaded TP LinuxClientTargetPlatform
[2017.11.26-17.49.17:875][  0]LogTemp: Display: Loaded TP LinuxNoEditorTargetPlatform
[2017.11.26-17.49.17:942][  0]LogTemp: Display: Loaded TP LinuxServerTargetPlatform
[2017.11.26-17.49.18:033][  0]LogTemp: Display: Loaded TP LinuxTargetPlatform
[2017.11.26-17.49.18:033][  0]LogTargetPlatformManager: Display: Building Assets For Windows
[2017.11.26-17.49.18:767][  0]LogDerivedDataCache: Display: Max Cache Size: 512 MB
[2017.11.26-17.49.19:105][  0]LogDerivedDataCache: Loaded boot cache 0.34s 78MB C:/Users/atayl/AppData/Local/UnrealEngine/4.18/DerivedDataCache/Boot.ddc.
[2017.11.26-17.49.19:106][  0]LogDerivedDataCache: Display: Loaded Boot cache: C:/Users/atayl/AppData/Local/UnrealEngine/4.18/DerivedDataCache/Boot.ddc
[2017.11.26-17.49.19:106][  0]LogDerivedDataCache: FDerivedDataBackendGraph:  Pak pak cache file E:/WORKSPACE/KERMODE/Kermode-Games/Kermode/GAME/Kermode-Hunt/DerivedDataCache/DDC.ddp not found, will not use a pak cache.
[2017.11.26-17.49.19:106][  0]LogDerivedDataCache: Unable to find inner node Pak for hierarchical cache Hierarchy.
[2017.11.26-17.49.19:106][  0]LogDerivedDataCache: FDerivedDataBackendGraph:  CompressedPak pak cache file E:/WORKSPACE/KERMODE/Kermode-Games/Kermode/GAME/Kermode-Hunt/DerivedDataCache/Compressed.ddp not found, will not use a pak cache.
[2017.11.26-17.49.19:106][  0]LogDerivedDataCache: Unable to find inner node CompressedPak for hierarchical cache Hierarchy.
[2017.11.26-17.49.19:138][  0]LogDerivedDataCache: Display: Pak cache opened for reading ../../../Engine/DerivedDataCache/Compressed.ddp.
[2017.11.26-17.49.19:150][  0]LogDerivedDataCache: Using Local data cache path C:/Users/atayl/AppData/Local/UnrealEngine/Common/DerivedDataCache: Writable
[2017.11.26-17.49.19:168][  0]LogMaterial: Verifying Global Shaders for PCD3D_SM5
[2017.11.26-17.49.19:174][  0]LogSlate: Using Freetype 2.6.0
[2017.11.26-17.49.19:193][  0]LogSlate: SlateFontCache - WITH_FREETYPE: 1, WITH_HARFBUZZ: 1
[2017.11.26-17.49.19:194][  0]LogSlate: SlateFontCache - WITH_FREETYPE: 1, WITH_HARFBUZZ: 1
[2017.11.26-17.49.20:174][  0]LogInit: Selected Device Profile: [Windows]
[2017.11.26-17.49.20:847][  0]LogSimplygon: Simplygon DLL not present - disabling.
[2017.11.26-17.49.20:901][  0]LogMeshReduction: Using SimplygonSwarm for distributed automatic mesh merging
[2017.11.26-17.49.20:902][  0]LogMeshReduction: Using QuadricMeshReduction for automatic static mesh reduction
[2017.11.26-17.49.20:902][  0]LogMeshReduction: No automatic skeletal mesh reduction module available
[2017.11.26-17.49.20:902][  0]LogMeshReduction: No automatic mesh merging module available
[2017.11.26-17.49.20:902][  0]LogMeshMerging: No automatic mesh merging module available
[2017.11.26-17.49.20:990][  0]LogNetVersion: Hunt , NetCL: 3709383, EngineNetVer: 2, GameNetVer: 0 (Checksum: 161054130)
[2017.11.26-17.49.21:530][  0]LogAssetRegistry: FAssetRegistry took 0.0294 seconds to start up
[2017.11.26-17.49.23:081][  0]LogPackageLocalizationCache: Processed 7 localized package path(s) for 2 prioritized culture(s) in 0.179219 seconds
[2017.11.26-17.49.23:093][  0]LogUObjectArray: 35900 objects as part of root set at end of initial load.
[2017.11.26-17.49.23:093][  0]LogUObjectAllocator: 7372016 out of 0 bytes used by permanent object pool.
[2017.11.26-17.49.23:093][  0]LogUObjectArray: CloseDisregardForGC: 0/0 objects in disregard for GC pool
[2017.11.26-17.49.23:237][  0]LogInit: WinSock: version 1.1 (2.2), MaxSocks=32767, MaxUdp=65467
[2017.11.26-17.49.30:397][  0]LogSubstanceCoreModule: Substance [CPU] Engine Loaded, Max Texture Size = 2048
[2017.11.26-17.49.30:447][  0]LogTcpMessaging: Initializing TcpMessaging bridge
[2017.11.26-17.49.30:505][  0]LogUdpMessaging: Initializing bridge on interface 0.0.0.0:0 to multicast group 230.0.0.1:6666.
[2017.11.26-17.49.31:743][  0]LogMaterial: Uniform references updated for custom material expression Custom.
[2017.11.26-17.49.32:455][  0]SourceControl: Source control is disabled
[2017.11.26-17.49.32:456][  0]SourceControl: Source control is disabled
[2017.11.26-17.49.32:529][  0]SourceControl: Source control is disabled
[2017.11.26-17.49.32:605][  0]SourceControl: Source control is disabled
[2017.11.26-17.49.33:793][  0]LogAndroidPermission: UAndroidPermissionCallbackProxy::GetInstance
[2017.11.26-17.49.34:156][  0]LogOcInput: OculusInput pre-init called
[2017.11.26-17.49.34:920][  0]LogEngine: Initializing Engine...
[2017.11.26-17.49.34:925][  0]LogHMD: Failed to initialize OpenVR with code 110
[2017.11.26-17.49.35:432][  0]LogStats: UGameplayTagsManager::ConstructGameplayTagTree: Construct from data asset -  0.000 s
[2017.11.26-17.49.35:433][  0]LogStats: UGameplayTagsManager::ConstructGameplayTagTree: GameplayTagTreeChangedEvent.Broadcast -  0.000 s
[2017.11.26-17.49.35:651][  0]LogAIModule: Creating AISystem for world Untitled
[2017.11.26-17.49.35:683][  0]LogInit: XAudio2 using 'Speakers / Headphones (Realtek Audio)' : 6 channels at 48 kHz using 32 bits per sample (channel mask 0x3f)
[2017.11.26-17.49.35:739][  0]LogInit: FAudioDevice initialized.
[2017.11.26-17.49.35:834][  0]LogDerivedDataCache: Saved boot cache 0.09s 78MB C:/Users/atayl/AppData/Local/UnrealEngine/4.18/DerivedDataCache/Boot.ddc.
[2017.11.26-17.49.35:859][  0]LogInit: Texture streaming: Enabled
[2017.11.26-17.49.36:007][  0]LogEngineSessionManager: EngineSessionManager initialized
[2017.11.26-17.49.36:198][  0]LogInit: Transaction tracking system initialized
[2017.11.26-17.49.36:706][  0]BlueprintLog: New page: Editor Load
[2017.11.26-17.49.38:069][  0]LocalizationService: Localization service is disabled
[2017.11.26-17.49.39:165][  0]LogConsoleResponse: Display: 
[2017.11.26-17.49.39:930][  0]LogCook: Display: Max memory allowance for cook 16384mb min free memory 0mb
[2017.11.26-17.49.39:930][  0]LogCook: Display: Mobile HDR setting 1
[2017.11.26-17.49.39:931][  0]LogGameplayTags: Display: UGameplayTagsManager::DoneAddingNativeTags. DelegateIsBound: 0
[2017.11.26-17.49.40:013][  0]LogFileCache: Scanning file cache for directory 'E:/WORKSPACE/KERMODE/Kermode-Games/Kermode/GAME/Kermode-Hunt/Content/' took 0.07s
[2017.11.26-17.49.41:812][  0]SourceControl: Source control is disabled
[2017.11.26-17.49.41:815][  0]Cmd: MAP LOAD FILE="E:/WORKSPACE/KERMODE/Kermode-Games/Kermode/GAME/Kermode-Hunt/Content/ThirdPersonBP/Maps/ThirdPersonExampleMap.umap" TEMPLATE=0 SHOWPROGRESS=1 FEATURELEVEL=3
[2017.11.26-17.49.41:855][  0]LightingResults: New page: Lighting Build
[2017.11.26-17.49.41:925][  0]MapCheck: New page: Map Check
[2017.11.26-17.49.41:925][  0]LightingResults: New page: Lighting Build
[2017.11.26-17.49.42:460][  0]LogBlueprint: Warning: [Compiler Bear_Anim_BP] Variable Direction is marked as 'Expose on Spawn' but not marked as 'Editable'; please make it 'Editable'
[2017.11.26-17.49.42:485][  0]LogBlueprint: Warning: [Compiler Bear_Anim_BP] Variable Direction is marked as 'Expose on Spawn' but not marked as 'Editable'; please make it 'Editable'
[2017.11.26-17.49.42:495][  0]LogBlueprint: Warning: [Compiler Bear_Anim_BP] Jumping to Landing  will never be taken, please connect something to  Can Enter Transition
[2017.11.26-17.49.42:495][  0]LogBlueprint: Warning: [Compiler Bear_Anim_BP] Landing to Idle  will never be taken, please connect something to  Can Enter Transition
[2017.11.26-17.49.42:495][  0]LogBlueprint: Warning: [Compiler Bear_Anim_BP] Landing to Walk/Run  will never be taken, please connect something to  Can Enter Transition
[2017.11.26-17.49.42:496][  0]LogBlueprint: Warning: [Compiler Bear_Anim_BP] Idle to Jumping  will never be taken, please connect something to  Can Enter Transition
[2017.11.26-17.49.42:496][  0]LogBlueprint: Warning: [Compiler Bear_Anim_BP] Walk/Run to Jumping  will never be taken, please connect something to  Can Enter Transition
[2017.11.26-17.49.42:522][  0]LogBlueprint: Warning: [Compiler Bear_Anim_BP] [0039.95] Compile of Bear_Anim_BP successful, but with 7 Warning(s) [in 67 ms] (/Game/ThirdPersonBP/Bear_Character/Bear_Anim_BP.Bear_Anim_BP)
[2017.11.26-17.49.46:118][  0]LogAIModule: Creating AISystem for world ThirdPersonExampleMap
[2017.11.26-17.49.47:286][  0]LogEditorServer: Finished looking for orphan Actors (0.000 secs)
[2017.11.26-17.49.47:317][  0]Cmd: MAP CHECKDEP NOCLEARLOG
[2017.11.26-17.49.47:383][  0]MapCheck: Map check complete: 0 Error(s), 0 Warning(s), took 65.047ms to complete.
[2017.11.26-17.49.47:384][  0]LogFileHelpers: Loading map 'ThirdPersonExampleMap' took 5.570
[2017.11.26-17.49.47:870][  0]LogCollectionManager: Loaded 0 collections in 0.002958 seconds
[2017.11.26-17.49.47:983][  0]LogFileCache: Scanning file cache for directory 'E:/WORKSPACE/KERMODE/Kermode-Games/Kermode/GAME/Kermode-Hunt/Saved/Collections/' took 0.01s
[2017.11.26-17.49.47:984][  0]LogFileCache: Scanning file cache for directory 'E:/WORKSPACE/KERMODE/Kermode-Games/Kermode/GAME/Kermode-Hunt/Content/Developers/atayl/Collections/' took 0.01s
[2017.11.26-17.49.47:984][  0]LogFileCache: Scanning file cache for directory 'E:/WORKSPACE/KERMODE/Kermode-Games/Kermode/GAME/Kermode-Hunt/Content/Collections/' took 0.01s
[2017.11.26-17.49.47:984][  0]LogCollectionManager: Rebuilt the GUID cache for 0 collections in 0.000001 seconds
[2017.11.26-17.49.47:996][  0]LogContentBrowser: Native class hierarchy populated in 0.0106 seconds. Added 2378 classes and 527 folders.
[2017.11.26-17.49.48:089][  0]LogContentBrowser: Native class hierarchy updated for 'WidgetCarousel' in 0.0002 seconds. Added 0 classes and 0 folders.
[2017.11.26-17.49.48:583][  0]LogContentBrowser: Native class hierarchy updated for 'AddContentDialog' in 0.0004 seconds. Added 0 classes and 0 folders.
[2017.11.26-17.49.48:614][  0]LogSlate: Took 0.005323 seconds to synchronously load lazily loaded font '../../../Engine/Content/Slate/Fonts/Roboto-Regular.ttf' (155K)
[2017.11.26-17.49.48:624][  0]LogSlate: Took 0.004708 seconds to synchronously load lazily loaded font '../../../Engine/Content/Slate/Fonts/Roboto-Bold.ttf' (160K)
[2017.11.26-17.49.48:828][  0]LogRenderer: Reallocating scene render targets to support 1260x928 Format 10 NumSamples 1 (Frame:1).
[2017.11.26-17.49.49:106][  0]LogContentBrowser: Native class hierarchy updated for 'HierarchicalLODOutliner' in 0.0003 seconds. Added 1 classes and 2 folders.
[2017.11.26-17.49.49:106][  0]LogLoad: (Engine Initialization) Total time: 46.53 seconds
[2017.11.26-17.49.49:106][  0]LogLoad: (Engine Initialization) Total Blueprint compile time: 0.00 seconds
[2017.11.26-17.49.49:107][  0]LogExternalProfiler: No external profilers were discovered.  External profiling features will not be available.
[2017.11.26-17.49.49:489][  0]LogContentStreaming: Texture pool size now 1000 MB
[2017.11.26-17.49.49:622][  1]LogRenderer: Reallocating scene render targets to support 1260x944 Format 10 NumSamples 1 (Frame:3).
[2017.11.26-17.49.50:476][  3]LogSlate: Took 0.007539 seconds to synchronously load lazily loaded font '../../../Engine/Content/Slate/Fonts/Roboto-Light.ttf' (159K)
[2017.11.26-17.49.50:793][  4]LogAssetRegistry: Asset discovery search completed in 29.2851 seconds
[2017.11.26-17.49.50:799][  4]LogCollectionManager: Rebuilt the object cache for 0 collections in 0.000000 seconds (found 0 objects)
[2017.11.26-17.49.50:799][  4]LogCollectionManager: Fixed up redirectors for 0 collections in 0.000064 seconds (updated 0 objects)
[2017.11.26-17.49.53:571][ 92]LogTemp: Repeating last play command: Simulate
[2017.11.26-17.49.53:829][ 92]LogBlueprintUserMessages: Early PlayInEditor Detection: Level '/Game/ThirdPersonBP/Maps/ThirdPersonExampleMap.ThirdPersonExampleMap:PersistentLevel' has LevelScriptBlueprint '/Game/ThirdPersonBP/Maps/ThirdPersonExampleMap.ThirdPersonExampleMap:PersistentLevel.ThirdPersonExampleMap' with GeneratedClass '/Game/ThirdPersonBP/Maps/ThirdPersonExampleMap.ThirdPersonExampleMap_C' with ClassGeneratedBy '/Game/ThirdPersonBP/Maps/ThirdPersonExampleMap.ThirdPersonExampleMap:PersistentLevel.ThirdPersonExampleMap'
[2017.11.26-17.49.53:844][ 92]LogPlayLevel: PlayLevel: No blueprints needed recompiling
[2017.11.26-17.49.53:878][ 92]PIE: New page: SIE session: ThirdPersonExampleMap (Nov 26, 2017, 7:49:53 AM)
[2017.11.26-17.49.53:879][ 92]LogPlayLevel: Creating play world package: /Game/ThirdPersonBP/Maps/UEDPIE_0_ThirdPersonExampleMap
[2017.11.26-17.49.53:953][ 92]LogPlayLevel: PIE: StaticDuplicateObject took: (0.073574s)
[2017.11.26-17.49.53:954][ 92]LogAIModule: Creating AISystem for world ThirdPersonExampleMap
[2017.11.26-17.49.53:956][ 92]LogPlayLevel: PIE: World Init took: (0.002329s)
[2017.11.26-17.49.53:956][ 92]LogPlayLevel: PIE: Created PIE world by copying editor world from /Game/ThirdPersonBP/Maps/ThirdPersonExampleMap.ThirdPersonExampleMap to /Game/ThirdPersonBP/Maps/UEDPIE_0_ThirdPersonExampleMap.ThirdPersonExampleMap (0.077088s)
[2017.11.26-17.49.53:980][ 92]LogInit: XAudio2 using 'Speakers / Headphones (Realtek Audio)' : 6 channels at 48 kHz using 32 bits per sample (channel mask 0x3f)
[2017.11.26-17.49.54:049][ 92]LogInit: FAudioDevice initialized.
[2017.11.26-17.49.54:118][ 92]LogLoad: Game class is 'ThirdPersonGameMode_C'
[2017.11.26-17.49.54:134][ 92]LogWorld: Bringing World /Game/ThirdPersonBP/Maps/UEDPIE_0_ThirdPersonExampleMap.ThirdPersonExampleMap up for play (max tick rate 60) at 2017.11.26-12.49.54
[2017.11.26-17.49.54:148][ 92]LogWorld: Bringing up level for play took: 0.019875
[2017.11.26-17.49.54:248][ 92]LogContentBrowser: Native class hierarchy updated for 'MovieSceneCapture' in 0.0006 seconds. Added 11 classes and 0 folders.
[2017.11.26-17.49.54:270][ 92]PIE: Play in editor start time for /Game/ThirdPersonBP/Maps/UEDPIE_0_ThirdPersonExampleMap 1.007
[2017.11.26-17.49.54:341][ 92]LogBlueprintUserMessages: Late PlayInEditor Detection: Level '/Game/ThirdPersonBP/Maps/ThirdPersonExampleMap.ThirdPersonExampleMap:PersistentLevel' has LevelScriptBlueprint '/Game/ThirdPersonBP/Maps/ThirdPersonExampleMap.ThirdPersonExampleMap:PersistentLevel.ThirdPersonExampleMap' with GeneratedClass '/Game/ThirdPersonBP/Maps/ThirdPersonExampleMap.ThirdPersonExampleMap_C' with ClassGeneratedBy '/Game/ThirdPersonBP/Maps/ThirdPersonExampleMap.ThirdPersonExampleMap:PersistentLevel.ThirdPersonExampleMap'
[2017.11.26-17.50.02:329][566]PIE: Warning: Mobility of /Game/ThirdPersonBP/Maps/UEDPIE_0_ThirdPersonExampleMap.ThirdPersonExampleMap:PersistentLevel.Sphere_Blueprint_C_0 : StaticMeshComponent0 has to be 'Movable' if you'd like to move. 
[2017.11.26-17.50.04:012][667]LogBlueprintUserMessages: Early EndPlayMap Detection: Level '/Game/ThirdPersonBP/Maps/ThirdPersonExampleMap.ThirdPersonExampleMap:PersistentLevel' has LevelScriptBlueprint '/Game/ThirdPersonBP/Maps/ThirdPersonExampleMap.ThirdPersonExampleMap:PersistentLevel.ThirdPersonExampleMap' with GeneratedClass '/Game/ThirdPersonBP/Maps/ThirdPersonExampleMap.ThirdPersonExampleMap_C' with ClassGeneratedBy '/Game/ThirdPersonBP/Maps/ThirdPersonExampleMap.ThirdPersonExampleMap:PersistentLevel.ThirdPersonExampleMap'
[2017.11.26-17.50.04:054][667]LogBlueprintUserMessages: Late EndPlayMap Detection: Level '/Game/ThirdPersonBP/Maps/ThirdPersonExampleMap.ThirdPersonExampleMap:PersistentLevel' has LevelScriptBlueprint '/Game/ThirdPersonBP/Maps/ThirdPersonExampleMap.ThirdPersonExampleMap:PersistentLevel.ThirdPersonExampleMap' with GeneratedClass '/Game/ThirdPersonBP/Maps/ThirdPersonExampleMap.ThirdPersonExampleMap_C' with ClassGeneratedBy '/Game/ThirdPersonBP/Maps/ThirdPersonExampleMap.ThirdPersonExampleMap:PersistentLevel.ThirdPersonExampleMap'
[2017.11.26-17.50.10:236][ 21]LogSlate: Took 0.000131 seconds to synchronously load lazily loaded font '../../../Engine/Content/Slate/Fonts/Roboto-Light.ttf' (159K)
[2017.11.26-17.50.10:759][ 21]LogContentBrowser: Native class hierarchy updated for 'BlueprintGraph' in 0.0006 seconds. Added 116 classes and 0 folders.
[2017.11.26-17.50.12:460][ 21]LogContentBrowser: Native class hierarchy updated for 'MaterialEditor' in 0.0002 seconds. Added 1 classes and 0 folders.
[2017.11.26-17.50.12:465][ 21]LogMaterial: Missing cached shader map for material M_Tech_Hex_Tile_Pulse, compiling. 
[2017.11.26-17.50.13:054][ 21]LogMaterial: Missing cached shader map for material M_Tech_Hex_Tile_Pulse, compiling. 
[2017.11.26-17.50.13:089][ 21]LogMaterial: Missing cached shader map for material M_Tech_Hex_Tile_Pulse, compiling. 
[2017.11.26-17.50.13:145][ 21]LogMaterial: Missing cached shader map for material FMatExpressionPreview MaterialExpressionTextureSample_37, compiling. 
[2017.11.26-17.50.13:152][ 21]LogMaterial: Missing cached shader map for material FMatExpressionPreview MaterialExpressionVectorParameter_0, compiling. 
[2017.11.26-17.50.13:157][ 21]LogMaterial: Missing cached shader map for material FMatExpressionPreview MaterialExpressionTextureSample_38, compiling. 
[2017.11.26-17.50.13:163][ 21]LogMaterial: Missing cached shader map for material FMatExpressionPreview MaterialExpressionTextureSample_39, compiling. 
[2017.11.26-17.50.13:170][ 21]LogMaterial: Missing cached shader map for material FMatExpressionPreview MaterialExpressionBumpOffset_6, compiling. 
[2017.11.26-17.50.13:176][ 21]LogMaterial: Missing cached shader map for material FMatExpressionPreview MaterialExpressionTextureSample_40, compiling. 
[2017.11.26-17.50.13:184][ 21]LogMaterial: Missing cached shader map for material FMatExpressionPreview MaterialExpressionVectorParameter_24, compiling. 
[2017.11.26-17.50.13:192][ 21]LogMaterial: Missing cached shader map for material FMatExpressionPreview MaterialExpressionVectorParameter_25, compiling. 
[2017.11.26-17.50.13:673][ 21]LogSlate: Took 0.011128 seconds to synchronously load lazily loaded font '../../../Engine/Content/Editor/Slate/Fonts/FontAwesome.ttf' (139K)
[2017.11.26-17.50.13:684][ 21]LogSlate: Took 0.009054 seconds to synchronously load lazily loaded font '../../../Engine/Content/Editor/Slate/Fonts/Roboto-BoldCondensed.ttf' (158K)
[2017.11.26-17.50.14:031][ 22]LogSlate: Took 0.006801 seconds to synchronously load lazily loaded font '../../../Engine/Content/Editor/Slate/Fonts/Roboto-Italic.ttf' (157K)
[2017.11.26-17.50.17:349][ 32]MaterialEditorStats: Base pass shader: 69 instructions
[2017.11.26-17.50.17:349][ 32]MaterialEditorStats: Base pass shader with Surface Lightmap: 108 instructions
[2017.11.26-17.50.17:349][ 32]MaterialEditorStats: Base pass shader with Volumetric Lightmap: 96 instructions
[2017.11.26-17.50.17:350][ 32]MaterialEditorStats: Vertex shader: 124 instructions
[2017.11.26-17.50.17:350][ 32]MaterialEditorStats: Texture samplers: 4/16
[2017.11.26-17.50.17:350][ 32]MaterialEditorStats: User interpolators: 2/4 Scalars (1/4 Vectors) (TexCoords: 2, Custom: 0)
