Log file open, 11/25/17 18:37:35
LogWindows: Failed to load 'aqProf.dll' (GetLastError=126)
LogWindows: File 'aqProf.dll' does not exist
LogWindows: Failed to load 'VtuneApi.dll' (GetLastError=126)
LogWindows: File 'VtuneApi.dll' does not exist
LogWindows: Failed to load 'VtuneApi32e.dll' (GetLastError=126)
LogWindows: File 'VtuneApi32e.dll' does not exist
LogInit: Display: Running engine for game: Hunt
LogPlatformFile: Not using cached read wrapper
LogInit: Display: RandInit(1802888104) SRandInit(1802888104).
LogInit: Read version file with build ID '3709383'
LogInit: Overriding engine version to CL 3709383, compatible CL 3709383
LogInit: Registered custom module enumerator with build ID '3709383'
LogTaskGraph: Started task graph with 5 named threads and 14 total threads with 3 sets of task threads.
LogStats: Stats thread started at 0.187887
LogD3D11RHI: Aftermath initialized
LogModuleManager: Display: Found up-to-date module file ../../../Engine/Plugins/Marketplace/Substance/Binaries/Win64/UE4Editor-SubstanceCore.dll (API version 3709383).
LogModuleManager: Display: Found up-to-date module file ../../../Engine/Plugins/Marketplace/Substance/Binaries/Win64/UE4Editor-SubstanceEditor.dll (API version 3709383).
LogModuleManager: Display: Found up-to-date module file ../../../Engine/Plugins/Marketplace/Substance/Binaries/Win64/UE4Editor-SubstanceSource.dll (API version 3709383).
LogModuleManager: Display: Found up-to-date module file ../../../Engine/Plugins/2D/Paper2D/Binaries/Win64/UE4Editor-Paper2D.dll (API version 3709383).
LogModuleManager: Display: Found up-to-date module file ../../../Engine/Plugins/2D/Paper2D/Binaries/Win64/UE4Editor-Paper2DEditor.dll (API version 3709383).
LogModuleManager: Display: Found up-to-date module file ../../../Engine/Plugins/2D/Paper2D/Binaries/Win64/UE4Editor-PaperSpriteSheetImporter.dll (API version 3709383).
LogModuleManager: Display: Found up-to-date module file ../../../Engine/Plugins/2D/Paper2D/Binaries/Win64/UE4Editor-PaperTiledImporter.dll (API version 3709383).
LogModuleManager: Display: Found up-to-date module file ../../../Engine/Plugins/2D/Paper2D/Binaries/Win64/UE4Editor-SmartSnapping.dll (API version 3709383).
LogModuleManager: Display: Found up-to-date module file ../../../Engine/Plugins/Blendables/LightPropagationVolume/Binaries/Win64/UE4Editor-LightPropagationVolumeRuntime.dll (API version 3709383).
LogModuleManager: Display: Found up-to-date module file ../../../Engine/Plugins/Blendables/LightPropagationVolume/Binaries/Win64/UE4Editor-LightPropagationVolumeEditor.dll (API version 3709383).
LogModuleManager: Display: Found up-to-date module file ../../../Engine/Plugins/Developer/GitSourceControl/Binaries/Win64/UE4Editor-GitSourceControl.dll (API version 3709383).
LogModuleManager: Display: Found up-to-date module file ../../../Engine/Plugins/Developer/PerforceSourceControl/Binaries/Win64/UE4Editor-PerforceSourceControl.dll (API version 3709383).
LogModuleManager: Display: Found up-to-date module file ../../../Engine/Plugins/Developer/SubversionSourceControl/Binaries/Win64/UE4Editor-SubversionSourceControl.dll (API version 3709383).
LogModuleManager: Display: Found up-to-date module file ../../../Engine/Plugins/Developer/UObjectPlugin/Binaries/Win64/UE4Editor-UObjectPlugin.dll (API version 3709383).
LogModuleManager: Display: Found up-to-date module file ../../../Engine/Plugins/Developer/VisualStudioCodeSourceCodeAccess/Binaries/Win64/UE4Editor-VisualStudioCodeSourceCodeAccess.dll (API version 3709383).
LogModuleManager: Display: Found up-to-date module file ../../../Engine/Plugins/Developer/VisualStudioSourceCodeAccess/Binaries/Win64/UE4Editor-VisualStudioSourceCodeAccess.dll (API version 3709383).
LogModuleManager: Display: Found up-to-date module file ../../../Engine/Plugins/Editor/AssetManagerEditor/Binaries/Win64/UE4Editor-AssetManagerEditor.dll (API version 3709383).
LogModuleManager: Display: Found up-to-date module file ../../../Engine/Plugins/Editor/AudioCapture/Binaries/Win64/UE4Editor-AudioCapture.dll (API version 3709383).
LogModuleManager: Display: Found up-to-date module file ../../../Engine/Plugins/Editor/FacialAnimation/Binaries/Win64/UE4Editor-FacialAnimation.dll (API version 3709383).
LogModuleManager: Display: Found up-to-date module file ../../../Engine/Plugins/Editor/FacialAnimation/Binaries/Win64/UE4Editor-FacialAnimationEditor.dll (API version 3709383).
LogModuleManager: Display: Found up-to-date module file ../../../Engine/Plugins/Editor/GameplayTagsEditor/Binaries/Win64/UE4Editor-GameplayTagsEditor.dll (API version 3709383).
LogModuleManager: Display: Found up-to-date module file ../../../Engine/Plugins/Editor/MobileLauncherProfileWizard/Binaries/Win64/UE4Editor-MobileLauncherProfileWizard.dll (API version 3709383).
LogModuleManager: Display: Found up-to-date module file ../../../Engine/Plugins/Editor/PluginBrowser/Binaries/Win64/UE4Editor-PluginBrowser.dll (API version 3709383).
LogModuleManager: Display: Found up-to-date module file ../../../Engine/Plugins/Editor/SpeedTreeImporter/Binaries/Win64/UE4Editor-SpeedTreeImporter.dll (API version 3709383).
LogModuleManager: Display: Found up-to-date module file ../../../Engine/Plugins/Experimental/AlembicImporter/Binaries/Win64/UE4Editor-AlembicImporter.dll (API version 3709383).
LogModuleManager: Display: Found up-to-date module file ../../../Engine/Plugins/Experimental/AlembicImporter/Binaries/Win64/UE4Editor-AlembicLibrary.dll (API version 3709383).
LogModuleManager: Display: Found up-to-date module file ../../../Engine/Plugins/Experimental/CharacterAI/Binaries/Win64/UE4Editor-CharacterAI.dll (API version 3709383).
LogModuleManager: Display: Found up-to-date module file ../../../Engine/Plugins/Experimental/HTML5Networking/Binaries/Win64/UE4Editor-HTML5Networking.dll (API version 3709383).
LogModuleManager: Display: Found up-to-date module file ../../../Engine/Plugins/Media/AndroidMedia/Binaries/Win64/UE4Editor-AndroidMediaEditor.dll (API version 3709383).
LogModuleManager: Display: Found up-to-date module file ../../../Engine/Plugins/Media/AndroidMedia/Binaries/Win64/UE4Editor-AndroidMediaFactory.dll (API version 3709383).
LogModuleManager: Display: Found up-to-date module file ../../../Engine/Plugins/Media/AvfMedia/Binaries/Win64/UE4Editor-AvfMediaEditor.dll (API version 3709383).
LogModuleManager: Display: Found up-to-date module file ../../../Engine/Plugins/Media/AvfMedia/Binaries/Win64/UE4Editor-AvfMediaFactory.dll (API version 3709383).
LogModuleManager: Display: Found up-to-date module file ../../../Engine/Plugins/Media/AvfMedia/Binaries/Win64/UE4Editor-AvfMediaFactory.dll (API version 3709383).
LogModuleManager: Display: Found up-to-date module file ../../../Engine/Plugins/Media/ImgMedia/Binaries/Win64/UE4Editor-ImgMedia.dll (API version 3709383).
LogModuleManager: Display: Found up-to-date module file ../../../Engine/Plugins/Media/ImgMedia/Binaries/Win64/UE4Editor-ImgMediaEditor.dll (API version 3709383).
LogModuleManager: Display: Found up-to-date module file ../../../Engine/Plugins/Media/ImgMedia/Binaries/Win64/UE4Editor-ImgMediaFactory.dll (API version 3709383).
LogModuleManager: Display: Found up-to-date module file ../../../Engine/Plugins/Media/ImgMedia/Binaries/Win64/UE4Editor-ImgMediaFactory.dll (API version 3709383).
LogModuleManager: Display: Found up-to-date module file ../../../Engine/Plugins/Media/ImgMedia/Binaries/Win64/UE4Editor-OpenExrWrapper.dll (API version 3709383).
LogModuleManager: Display: Found up-to-date module file ../../../Engine/Plugins/Media/MediaCompositing/Binaries/Win64/UE4Editor-MediaCompositing.dll (API version 3709383).
LogModuleManager: Display: Found up-to-date module file ../../../Engine/Plugins/Media/MediaCompositing/Binaries/Win64/UE4Editor-MediaCompositingEditor.dll (API version 3709383).
LogModuleManager: Display: Found up-to-date module file ../../../Engine/Plugins/Media/MediaPlayerEditor/Binaries/Win64/UE4Editor-MediaPlayerEditor.dll (API version 3709383).
LogModuleManager: Display: Found up-to-date module file ../../../Engine/Plugins/Media/WmfMedia/Binaries/Win64/UE4Editor-WmfMedia.dll (API version 3709383).
LogModuleManager: Display: Found up-to-date module file ../../../Engine/Plugins/Media/WmfMedia/Binaries/Win64/UE4Editor-WmfMediaEditor.dll (API version 3709383).
LogModuleManager: Display: Found up-to-date module file ../../../Engine/Plugins/Media/WmfMedia/Binaries/Win64/UE4Editor-WmfMediaFactory.dll (API version 3709383).
LogModuleManager: Display: Found up-to-date module file ../../../Engine/Plugins/Media/WmfMedia/Binaries/Win64/UE4Editor-WmfMediaFactory.dll (API version 3709383).
LogModuleManager: Display: Found up-to-date module file ../../../Engine/Plugins/Messaging/TcpMessaging/Binaries/Win64/UE4Editor-TcpMessaging.dll (API version 3709383).
LogModuleManager: Display: Found up-to-date module file ../../../Engine/Plugins/Messaging/UdpMessaging/Binaries/Win64/UE4Editor-UdpMessaging.dll (API version 3709383).
LogModuleManager: Display: Found up-to-date module file ../../../Engine/Plugins/MovieScene/ActorSequence/Binaries/Win64/UE4Editor-ActorSequence.dll (API version 3709383).
LogModuleManager: Display: Found up-to-date module file ../../../Engine/Plugins/MovieScene/LevelSequenceEditor/Binaries/Win64/UE4Editor-LevelSequenceEditor.dll (API version 3709383).
LogModuleManager: Display: Found up-to-date module file ../../../Engine/Plugins/MovieScene/MatineeToLevelSequence/Binaries/Win64/UE4Editor-MatineeToLevelSequence.dll (API version 3709383).
LogModuleManager: Display: Found up-to-date module file ../../../Engine/Plugins/Online/OnlineSubsystem/Binaries/Win64/UE4Editor-OnlineSubsystem.dll (API version 3709383).
LogModuleManager: Display: Found up-to-date module file ../../../Engine/Plugins/Runtime/AndroidPermission/Binaries/Win64/UE4Editor-AndroidPermission.dll (API version 3709383).
LogModuleManager: Display: Found up-to-date module file ../../../Engine/Plugins/Online/OnlineSubsystemNull/Binaries/Win64/UE4Editor-OnlineSubsystemNull.dll (API version 3709383).
LogModuleManager: Display: Found up-to-date module file ../../../Engine/Plugins/Online/OnlineSubsystemUtils/Binaries/Win64/UE4Editor-OnlineSubsystemUtils.dll (API version 3709383).
LogModuleManager: Display: Found up-to-date module file ../../../Engine/Plugins/Online/OnlineSubsystemUtils/Binaries/Win64/UE4Editor-OnlineBlueprintSupport.dll (API version 3709383).
LogModuleManager: Display: Found up-to-date module file ../../../Engine/Plugins/Runtime/AndroidDeviceProfileSelector/Binaries/Win64/UE4Editor-AndroidDeviceProfileSelector.dll (API version 3709383).
LogModuleManager: Display: Found up-to-date module file ../../../Engine/Plugins/Runtime/AppleARKit/Binaries/Win64/UE4Editor-AppleARKit.dll (API version 3709383).
LogModuleManager: Display: Found up-to-date module file ../../../Engine/Plugins/Runtime/ArchVisCharacter/Binaries/Win64/UE4Editor-ArchVisCharacter.dll (API version 3709383).
LogModuleManager: Display: Found up-to-date module file ../../../Engine/Plugins/Runtime/CableComponent/Binaries/Win64/UE4Editor-CableComponent.dll (API version 3709383).
LogModuleManager: Display: Found up-to-date module file ../../../Engine/Plugins/Runtime/CustomMeshComponent/Binaries/Win64/UE4Editor-CustomMeshComponent.dll (API version 3709383).
LogModuleManager: Display: Found up-to-date module file ../../../Engine/Plugins/Runtime/ExampleDeviceProfileSelector/Binaries/Win64/UE4Editor-ExampleDeviceProfileSelector.dll (API version 3709383).
LogModuleManager: Display: Found up-to-date module file ../../../Engine/Plugins/Runtime/ImmediatePhysics/Binaries/Win64/UE4Editor-ImmediatePhysics.dll (API version 3709383).
LogModuleManager: Display: Found up-to-date module file ../../../Engine/Plugins/Runtime/ImmediatePhysics/Binaries/Win64/UE4Editor-ImmediatePhysicsEditor.dll (API version 3709383).
LogModuleManager: Display: Found up-to-date module file ../../../Engine/Plugins/Runtime/LocationServicesBPLibrary/Binaries/Win64/UE4Editor-LocationServicesBPLibrary.dll (API version 3709383).
LogModuleManager: Display: Found up-to-date module file ../../../Engine/Plugins/Runtime/MobilePatchingUtils/Binaries/Win64/UE4Editor-MobilePatchingUtils.dll (API version 3709383).
LogModuleManager: Display: Found up-to-date module file ../../../Engine/Plugins/Runtime/Oculus/OculusVR/Binaries/Win64/UE4Editor-OculusHMD.dll (API version 3709383).
LogModuleManager: Display: Found up-to-date module file ../../../Engine/Plugins/Runtime/Oculus/OculusVR/Binaries/Win64/UE4Editor-OculusInput.dll (API version 3709383).
LogModuleManager: Display: Found up-to-date module file ../../../Engine/Plugins/Runtime/Oculus/OculusVR/Binaries/Win64/UE4Editor-OculusEditor.dll (API version 3709383).
LogModuleManager: Display: Found up-to-date module file ../../../Engine/Plugins/Runtime/PhysXVehicles/Binaries/Win64/UE4Editor-PhysXVehicles.dll (API version 3709383).
LogModuleManager: Display: Found up-to-date module file ../../../Engine/Plugins/Runtime/PhysXVehicles/Binaries/Win64/UE4Editor-PhysXVehiclesEditor.dll (API version 3709383).
LogModuleManager: Display: Found up-to-date module file ../../../Engine/Plugins/Runtime/ProceduralMeshComponent/Binaries/Win64/UE4Editor-ProceduralMeshComponent.dll (API version 3709383).
LogModuleManager: Display: Found up-to-date module file ../../../Engine/Plugins/Runtime/ProceduralMeshComponent/Binaries/Win64/UE4Editor-ProceduralMeshComponentEditor.dll (API version 3709383).
LogModuleManager: Display: Found up-to-date module file ../../../Engine/Plugins/Runtime/RuntimePhysXCooking/Binaries/Win64/UE4Editor-RuntimePhysXCooking.dll (API version 3709383).
LogModuleManager: Display: Found up-to-date module file ../../../Engine/Plugins/Runtime/Steam/SteamVR/Binaries/Win64/UE4Editor-SteamVR.dll (API version 3709383).
LogModuleManager: Display: Found up-to-date module file ../../../Engine/Plugins/Runtime/Steam/SteamVR/Binaries/Win64/UE4Editor-SteamVRController.dll (API version 3709383).
LogModuleManager: Display: Found up-to-date module file ../../../Engine/Plugins/Runtime/WindowsMoviePlayer/Binaries/Win64/UE4Editor-WindowsMoviePlayer.dll (API version 3709383).
LogPluginManager: Mounting plugin Paper2D
LogPluginManager: Mounting plugin LightPropagationVolume
LogPluginManager: Mounting plugin CodeLiteSourceCodeAccess
LogPluginManager: Mounting plugin GitSourceControl
LogPluginManager: Mounting plugin KDevelopSourceCodeAccess
LogPluginManager: Mounting plugin NullSourceCodeAccess
LogPluginManager: Mounting plugin PerforceSourceControl
LogPluginManager: Mounting plugin SubversionSourceControl
LogPluginManager: Mounting plugin UObjectPlugin
LogPluginManager: Mounting plugin VisualStudioCodeSourceCodeAccess
LogPluginManager: Mounting plugin VisualStudioSourceCodeAccess
LogPluginManager: Mounting plugin XCodeSourceCodeAccess
LogPluginManager: Mounting plugin AssetManagerEditor
LogPluginManager: Mounting plugin AudioCapture
LogPluginManager: Mounting plugin FacialAnimation
LogPluginManager: Mounting plugin GameplayTagsEditor
LogPluginManager: Mounting plugin MobileLauncherProfileWizard
LogPluginManager: Mounting plugin PluginBrowser
LogPluginManager: Mounting plugin SpeedTreeImporter
LogPluginManager: Mounting plugin AlembicImporter
LogPluginManager: Mounting plugin CharacterAI
LogPluginManager: Mounting plugin HTML5Networking
LogPluginManager: Mounting plugin Substance
LogPluginManager: Mounting plugin AndroidMedia
LogPluginManager: Mounting plugin AvfMedia
LogPluginManager: Mounting plugin ImgMedia
LogPluginManager: Mounting plugin MediaCompositing
LogPluginManager: Mounting plugin MediaPlayerEditor
LogPluginManager: Mounting plugin WmfMedia
LogPluginManager: Mounting plugin TcpMessaging
LogPluginManager: Mounting plugin UdpMessaging
LogPluginManager: Mounting plugin ActorSequence
LogPluginManager: Mounting plugin LevelSequenceEditor
LogPluginManager: Mounting plugin MatineeToLevelSequence
LogPluginManager: Mounting plugin OnlineSubsystemGooglePlay
LogPluginManager: Mounting plugin OnlineSubsystemIOS
LogPluginManager: Mounting plugin OnlineSubsystem
LogPluginManager: Mounting plugin OnlineSubsystemNull
LogPluginManager: Mounting plugin OnlineSubsystemUtils
LogPluginManager: Mounting plugin AndroidDeviceProfileSelector
LogPluginManager: Mounting plugin AndroidMoviePlayer
LogPluginManager: Mounting plugin AndroidPermission
LogPluginManager: Mounting plugin AppleARKit
LogPluginManager: Mounting plugin AppleMoviePlayer
LogPluginManager: Mounting plugin ArchVisCharacter
LogPluginManager: Mounting plugin CableComponent
LogPluginManager: Mounting plugin CustomMeshComponent
LogPluginManager: Mounting plugin ExampleDeviceProfileSelector
LogPluginManager: Mounting plugin GoogleCloudMessaging
LogPluginManager: Mounting plugin ImmediatePhysics
LogPluginManager: Mounting plugin IOSDeviceProfileSelector
LogPluginManager: Mounting plugin LinuxDeviceProfileSelector
LogPluginManager: Mounting plugin LocationServicesBPLibrary
LogPluginManager: Mounting plugin MobilePatchingUtils
LogPluginManager: Mounting plugin OculusVR
LogPluginManager: Plugin shader directory ../../../Engine/Plugins/Runtime/Oculus/OculusVR/Shaders found
LogPluginManager: Mapping shader source directory ../../../Engine/Plugins/Runtime/Oculus/OculusVR/Shaders to virtual directory /Plugin/OculusVR
LogPluginManager: Mounting plugin PhysXVehicles
LogPluginManager: Mounting plugin ProceduralMeshComponent
LogPluginManager: Mounting plugin RuntimePhysXCooking
LogPluginManager: Mounting plugin SteamVR
LogPluginManager: Mounting plugin WindowsMoviePlayer
LogInit: Using libcurl 7.47.1
LogInit:  - built for x86_64-pc-win32
LogInit:  - supports SSL with OpenSSL/1.0.2g
LogInit:  - supports HTTP deflate (compression) using libz 1.2.8
LogInit:  - other features:
LogInit:      CURL_VERSION_SSL
LogInit:      CURL_VERSION_LIBZ
LogInit:      CURL_VERSION_IPV6
LogInit:      CURL_VERSION_ASYNCHDNS
LogInit:      CURL_VERSION_LARGEFILE
LogInit:      CURL_VERSION_IDN
LogInit:  CurlRequestOptions (configurable via config and command line):
LogInit:  - bVerifyPeer = false  - Libcurl will NOT verify peer certificate
LogInit:  - bUseHttpProxy = false  - Libcurl will NOT use HTTP proxy
LogInit:  - bDontReuseConnections = false  - Libcurl will reuse connections
LogInit:  - CertBundlePath = nullptr  - Libcurl will use whatever was configured at build time.
LogInit: Build: ++UE4+Release-4.18-CL-3709383
LogInit: Engine Version: 4.18.0-3709383+++UE4+Release-4.18
LogInit: Compatible Engine Version: 4.18.0-3709383+++UE4+Release-4.18
LogInit: Net CL: 3709383
LogDevObjectVersion: Number of dev versions registered: 16
LogDevObjectVersion:   Dev-Blueprints (B0D832E4-1F89-4F0D-ACCF-7EB736FD4AA2): 10
LogDevObjectVersion:   Dev-Build (E1C64328-A22C-4D53-A36C-8E866417BD8C): 0
LogDevObjectVersion:   Dev-Core (375EC13C-06E4-48FB-B500-84F0262A717E): 2
LogDevObjectVersion:   Dev-Editor (E4B068ED-F494-42E9-A231-DA0B2E46BB41): 20
LogDevObjectVersion:   Dev-Framework (CFFC743F-43B0-4480-9391-14DF171D2073): 30
LogDevObjectVersion:   Dev-Mobile (B02B49B5-BB20-44E9-A304-32B752E40360): 0
LogDevObjectVersion:   Dev-Networking (A4E4105C-59A1-49B5-A7C5-40C4547EDFEE): 0
LogDevObjectVersion:   Dev-Online (39C831C9-5AE6-47DC-9A44-9C173E1C8E7C): 0
LogDevObjectVersion:   Dev-Physics (78F01B33-EBEA-4F98-B9B4-84EACCB95AA2): 0
LogDevObjectVersion:   Dev-Platform (6631380F-2D4D-43E0-8009-CF276956A95A): 0
LogDevObjectVersion:   Dev-Rendering (12F88B9F-8875-4AFC-A67C-D90C383ABD29): 20
LogDevObjectVersion:   Dev-Sequencer (7B5AE74C-D270-4C10-A958-57980B212A5A): 4
LogDevObjectVersion:   Dev-VR (D7296918-1DD6-4BDD-9DE2-64A83CC13884): 0
LogDevObjectVersion:   Dev-LoadTimes (C2A15278-BFE7-4AFE-6C17-90FF531DF755): 1
LogDevObjectVersion:   Private-Geometry (6EACA3D4-40EC-4CC1-B786-8BED09428FC5): 1
LogDevObjectVersion:   Dev-AnimPhys (29E575DD-E0A3-4627-9D10-D276232CDCEA): 12
LogInit: Compiled (64-bit): Oct 20 2017 10:39:19
LogInit: Compiled with Visual C++: 19.00.24215.01
LogInit: Build Configuration: Development
LogInit: Branch Name: ++UE4+Release-4.18
LogInit: Command line:  
LogInit: Base directory: C:/Program Files/UE_4.18/Engine/Binaries/Win64/
LogInit: Installed Engine Build: 1
LogInit: Presizing for max 8388607 objects, including 0 objects not considered by GC, pre-allocating 0 bytes for permanent pool.
LogInit: Object subsystem initialized
[2017.11.25-23.37.36:907][  0]LogInit: Selected Device Profile: [Windows]
[2017.11.25-23.37.36:907][  0]LogInit: Applying CVar settings loaded from the selected device profile: [Windows]
[2017.11.25-23.37.36:940][  0]LogInit: Computer: DESKTOP-0SPOBAU
[2017.11.25-23.37.36:940][  0]LogInit: User: atayl
[2017.11.25-23.37.36:940][  0]LogInit: CPU Page size=4096, Cores=4
[2017.11.25-23.37.36:940][  0]LogInit: High frequency timer resolution =2.531249 MHz
[2017.11.25-23.37.36:940][  0]LogMemory: Memory total: Physical=7.9GB (8GB approx)
[2017.11.25-23.37.36:940][  0]LogMemory: Platform Memory Stats for Windows
[2017.11.25-23.37.36:940][  0]LogMemory: Process Physical Memory: 272.93 MB used, 272.93 MB peak
[2017.11.25-23.37.36:940][  0]LogMemory: Process Virtual Memory: 269.77 MB used, 269.77 MB peak
[2017.11.25-23.37.36:940][  0]LogMemory: Physical Memory: 3450.65 MB used,  4612.37 MB free, 8063.02 MB total
[2017.11.25-23.37.36:940][  0]LogMemory: Virtual Memory: 677.32 MB used,  4612.37 MB free, 134217728.00 MB total
[2017.11.25-23.37.37:404][  0]LogInit: Using OS detected language (en-US).
[2017.11.25-23.37.37:404][  0]LogInit: Using OS detected locale (en-US).
[2017.11.25-23.37.37:407][  0]LogTextLocalizationManager: No specific localization for 'en-US' exists, so the 'en' localization will be used.
[2017.11.25-23.37.38:110][  0]LogD3D11RHI: D3D11 adapters:
[2017.11.25-23.37.38:169][  0]LogD3D11RHI:    0. 'NVIDIA GeForce GTX 1070' (Feature Level 11_0)
[2017.11.25-23.37.38:169][  0]LogD3D11RHI:       8074/0/4031 MB DedicatedVideo/DedicatedSystem/SharedSystem, Outputs:1, VendorId:0x10de
[2017.11.25-23.37.38:187][  0]LogD3D11RHI:    1. 'Intel(R) HD Graphics 530' (Feature Level 11_0)
[2017.11.25-23.37.38:187][  0]LogD3D11RHI:       128/0/4031 MB DedicatedVideo/DedicatedSystem/SharedSystem, Outputs:0, VendorId:0x8086
[2017.11.25-23.37.38:189][  0]LogD3D11RHI:    2. 'Microsoft Basic Render Driver' (Feature Level 11_0)
[2017.11.25-23.37.38:189][  0]LogD3D11RHI:       0/0/4031 MB DedicatedVideo/DedicatedSystem/SharedSystem, Outputs:0, VendorId:0x1414
[2017.11.25-23.37.38:189][  0]LogD3D11RHI: Chosen D3D11 Adapter: 0
[2017.11.25-23.37.38:196][  0]LogD3D11RHI: Creating new Direct3DDevice
[2017.11.25-23.37.38:196][  0]LogD3D11RHI:     GPU DeviceId: 0x1be1 (for the marketing name, search the web for "GPU Device Id")
[2017.11.25-23.37.38:196][  0]LogWindows: EnumDisplayDevices:
[2017.11.25-23.37.38:196][  0]LogWindows:    0. 'NVIDIA GeForce GTX 1070' (P:1 D:1)
[2017.11.25-23.37.38:197][  0]LogWindows:    1. 'NVIDIA GeForce GTX 1070' (P:0 D:0)
[2017.11.25-23.37.38:197][  0]LogWindows:    2. 'NVIDIA GeForce GTX 1070' (P:0 D:0)
[2017.11.25-23.37.38:197][  0]LogWindows:    3. 'NVIDIA GeForce GTX 1070' (P:0 D:0)
[2017.11.25-23.37.38:197][  0]LogWindows:    4. 'Intel(R) HD Graphics 530' (P:0 D:0)
[2017.11.25-23.37.38:197][  0]LogWindows:    5. 'Intel(R) HD Graphics 530' (P:0 D:0)
[2017.11.25-23.37.38:197][  0]LogWindows:    6. 'Intel(R) HD Graphics 530' (P:0 D:0)
[2017.11.25-23.37.38:197][  0]LogWindows: DebugString: GetVideoDriverDetailsInvalid PrimaryIsNotTheChoosenAdapter GetVideoDriverDetailsInvalid PrimaryIsNotTheChoosenAdapter GetVideoDriverDetailsInvalid PrimaryIsNotTheChoosenAdapter GetVideoDriverDetailsInvalid PrimaryIsNotTheChoosenAdapter GetVideoDriverDetailsInvalid PrimaryIsNotTheChoosenAdapter GetVideoDriverDetailsInvalid PrimaryIsNotTheChoosenAdapter GetVideoDriverDetailsInvalid PrimaryIsNotTheChoosenAdapter FoundDriverCount:0 
[2017.11.25-23.37.38:197][  0]LogD3D11RHI:     Adapter Name: NVIDIA GeForce GTX 1070
[2017.11.25-23.37.38:197][  0]LogD3D11RHI:   Driver Version: Unknown (internal:Unknown, unified:Unknown)
[2017.11.25-23.37.38:197][  0]LogD3D11RHI:      Driver Date: Unknown
[2017.11.25-23.37.38:197][  0]LogRHI: Texture pool is 5651 MB (70% of 8074 MB)
[2017.11.25-23.37.38:225][  0]LogD3D11RHI: Async texture creation enabled
[2017.11.25-23.37.38:240][  0]LogD3D11RHI: GPU Timing Frequency: 1000.000000 (Debug: 2 1)
[2017.11.25-23.37.38:286][  0]LogShaderCompilers: Guid format shader working directory is -15 characters bigger than the processId version (E:/WORKSPACE/KERMODE/Kermode-Games/Kermode/GAME/Kermode-Hunt/Intermediate/Shaders/WorkingDirectory/11368/).
[2017.11.25-23.37.38:286][  0]LogShaderCompilers: Cleaned the shader compiler working directory 'C:/Users/atayl/AppData/Local/Temp/UnrealShaderWorkingDir/72D16C424551973DFF465CB98ADA041D/'.
[2017.11.25-23.37.38:286][  0]LogShaderCompilers: Display: Using Local Shader Compiler.
[2017.11.25-23.37.39:302][  0]LogTemp: Display: Loaded TP AllDesktopTargetPlatform
[2017.11.25-23.37.39:361][  0]LogTemp: Display: Loaded TP MacClientTargetPlatform
[2017.11.25-23.37.39:424][  0]LogTemp: Display: Loaded TP MacNoEditorTargetPlatform
[2017.11.25-23.37.39:484][  0]LogTemp: Display: Loaded TP MacServerTargetPlatform
[2017.11.25-23.37.39:542][  0]LogTemp: Display: Loaded TP MacTargetPlatform
[2017.11.25-23.37.39:599][  0]LogTemp: Display: Loaded TP WindowsClientTargetPlatform
[2017.11.25-23.37.39:657][  0]LogTemp: Display: Loaded TP WindowsNoEditorTargetPlatform
[2017.11.25-23.37.39:714][  0]LogTemp: Display: Loaded TP WindowsServerTargetPlatform
[2017.11.25-23.37.39:765][  0]LogTemp: Display: Loaded TP WindowsTargetPlatform
[2017.11.25-23.37.39:819][  0]LogTemp: Display: Loaded TP Android_ASTCTargetPlatform
[2017.11.25-23.37.39:874][  0]LogTemp: Display: Loaded TP Android_ATCTargetPlatform
[2017.11.25-23.37.39:930][  0]LogTemp: Display: Loaded TP Android_DXTTargetPlatform
[2017.11.25-23.37.39:988][  0]LogTemp: Display: Loaded TP Android_ETC1TargetPlatform
[2017.11.25-23.37.40:052][  0]LogTemp: Display: Loaded TP Android_ETC2TargetPlatform
[2017.11.25-23.37.40:200][  0]LogTemp: Display: Loaded TP Android_MultiTargetPlatform
[2017.11.25-23.37.40:200][  0]LogTemp: Display: Loaded TP Android_PVRTCTargetPlatform
[2017.11.25-23.37.40:265][  0]LogTemp: Display: Loaded TP AndroidTargetPlatform
[2017.11.25-23.37.40:311][  0]LogTemp: Display: Loaded TP HTML5TargetPlatform
[2017.11.25-23.37.40:411][  0]LogTemp: Display: Loaded TP IOSTargetPlatform
[2017.11.25-23.37.40:441][  0]LogTemp: Display: Loaded TP TVOSTargetPlatform
[2017.11.25-23.37.40:500][  0]LogTemp: Display: Loaded TP LinuxClientTargetPlatform
[2017.11.25-23.37.40:557][  0]LogTemp: Display: Loaded TP LinuxNoEditorTargetPlatform
[2017.11.25-23.37.40:611][  0]LogTemp: Display: Loaded TP LinuxServerTargetPlatform
[2017.11.25-23.37.40:666][  0]LogTemp: Display: Loaded TP LinuxTargetPlatform
[2017.11.25-23.37.40:666][  0]LogTargetPlatformManager: Display: Building Assets For Windows
[2017.11.25-23.37.41:197][  0]LogDerivedDataCache: Display: Max Cache Size: 512 MB
[2017.11.25-23.37.41:272][  0]LogDerivedDataCache: Loaded boot cache 0.07s 78MB C:/Users/atayl/AppData/Local/UnrealEngine/4.18/DerivedDataCache/Boot.ddc.
[2017.11.25-23.37.41:272][  0]LogDerivedDataCache: Display: Loaded Boot cache: C:/Users/atayl/AppData/Local/UnrealEngine/4.18/DerivedDataCache/Boot.ddc
[2017.11.25-23.37.41:272][  0]LogDerivedDataCache: FDerivedDataBackendGraph:  Pak pak cache file E:/WORKSPACE/KERMODE/Kermode-Games/Kermode/GAME/Kermode-Hunt/DerivedDataCache/DDC.ddp not found, will not use a pak cache.
[2017.11.25-23.37.41:272][  0]LogDerivedDataCache: Unable to find inner node Pak for hierarchical cache Hierarchy.
[2017.11.25-23.37.41:272][  0]LogDerivedDataCache: FDerivedDataBackendGraph:  CompressedPak pak cache file E:/WORKSPACE/KERMODE/Kermode-Games/Kermode/GAME/Kermode-Hunt/DerivedDataCache/Compressed.ddp not found, will not use a pak cache.
[2017.11.25-23.37.41:272][  0]LogDerivedDataCache: Unable to find inner node CompressedPak for hierarchical cache Hierarchy.
[2017.11.25-23.37.41:290][  0]LogDerivedDataCache: Display: Pak cache opened for reading ../../../Engine/DerivedDataCache/Compressed.ddp.
[2017.11.25-23.37.41:303][  0]LogDerivedDataCache: Using Local data cache path C:/Users/atayl/AppData/Local/UnrealEngine/Common/DerivedDataCache: Writable
[2017.11.25-23.37.41:314][  0]LogMaterial: Verifying Global Shaders for PCD3D_SM5
[2017.11.25-23.37.41:314][  0]LogSlate: Using Freetype 2.6.0
[2017.11.25-23.37.41:315][  0]LogSlate: SlateFontCache - WITH_FREETYPE: 1, WITH_HARFBUZZ: 1
[2017.11.25-23.37.41:315][  0]LogSlate: SlateFontCache - WITH_FREETYPE: 1, WITH_HARFBUZZ: 1
[2017.11.25-23.37.41:701][  0]LogInit: Selected Device Profile: [Windows]
[2017.11.25-23.37.42:079][  0]LogSimplygon: Simplygon DLL not present - disabling.
[2017.11.25-23.37.42:125][  0]LogMeshReduction: Using SimplygonSwarm for distributed automatic mesh merging
[2017.11.25-23.37.42:125][  0]LogMeshReduction: Using QuadricMeshReduction for automatic static mesh reduction
[2017.11.25-23.37.42:125][  0]LogMeshReduction: No automatic skeletal mesh reduction module available
[2017.11.25-23.37.42:125][  0]LogMeshReduction: No automatic mesh merging module available
[2017.11.25-23.37.42:125][  0]LogMeshMerging: No automatic mesh merging module available
[2017.11.25-23.37.42:157][  0]LogNetVersion: Hunt , NetCL: 3709383, EngineNetVer: 2, GameNetVer: 0 (Checksum: 161054130)
[2017.11.25-23.37.42:341][  0]LogAssetRegistry: FAssetRegistry took 0.0257 seconds to start up
[2017.11.25-23.37.42:895][  0]LogPackageLocalizationCache: Processed 7 localized package path(s) for 2 prioritized culture(s) in 0.050586 seconds
[2017.11.25-23.37.42:901][  0]LogUObjectArray: 35900 objects as part of root set at end of initial load.
[2017.11.25-23.37.42:901][  0]LogUObjectAllocator: 7372016 out of 0 bytes used by permanent object pool.
[2017.11.25-23.37.42:901][  0]LogUObjectArray: CloseDisregardForGC: 0/0 objects in disregard for GC pool
[2017.11.25-23.37.42:962][  0]LogInit: WinSock: version 1.1 (2.2), MaxSocks=32767, MaxUdp=65467
[2017.11.25-23.37.46:060][  0]LogSubstanceCoreModule: Substance [CPU] Engine Loaded, Max Texture Size = 2048
[2017.11.25-23.37.46:094][  0]LogTcpMessaging: Initializing TcpMessaging bridge
[2017.11.25-23.37.46:144][  0]LogUdpMessaging: Initializing bridge on interface 0.0.0.0:0 to multicast group 230.0.0.1:6666.
[2017.11.25-23.37.46:949][  0]LogMaterial: Uniform references updated for custom material expression Custom.
[2017.11.25-23.37.47:426][  0]SourceControl: Source control is disabled
[2017.11.25-23.37.47:426][  0]SourceControl: Source control is disabled
[2017.11.25-23.37.47:488][  0]SourceControl: Source control is disabled
[2017.11.25-23.37.47:548][  0]SourceControl: Source control is disabled
[2017.11.25-23.37.48:454][  0]LogAndroidPermission: UAndroidPermissionCallbackProxy::GetInstance
[2017.11.25-23.37.48:766][  0]LogOcInput: OculusInput pre-init called
[2017.11.25-23.37.49:292][  0]LogEngine: Initializing Engine...
[2017.11.25-23.37.49:294][  0]LogHMD: Failed to initialize OpenVR with code 110
[2017.11.25-23.37.49:532][  0]LogStats: UGameplayTagsManager::ConstructGameplayTagTree: Construct from data asset -  0.000 s
[2017.11.25-23.37.49:532][  0]LogStats: UGameplayTagsManager::ConstructGameplayTagTree: GameplayTagTreeChangedEvent.Broadcast -  0.000 s
[2017.11.25-23.37.49:685][  0]LogAIModule: Creating AISystem for world Untitled
[2017.11.25-23.37.49:696][  0]LogInit: XAudio2 using 'Speakers / Headphones (Realtek Audio)' : 6 channels at 48 kHz using 32 bits per sample (channel mask 0x3f)
[2017.11.25-23.37.50:133][  0]LogInit: FAudioDevice initialized.
[2017.11.25-23.37.50:218][  0]LogDerivedDataCache: Saved boot cache 0.08s 78MB C:/Users/atayl/AppData/Local/UnrealEngine/4.18/DerivedDataCache/Boot.ddc.
[2017.11.25-23.37.50:238][  0]LogInit: Texture streaming: Enabled
[2017.11.25-23.37.50:354][  0]LogEngineSessionManager: EngineSessionManager initialized
[2017.11.25-23.37.50:502][  0]LogInit: Transaction tracking system initialized
[2017.11.25-23.37.50:854][  0]BlueprintLog: New page: Editor Load
[2017.11.25-23.37.51:844][  0]LocalizationService: Localization service is disabled
[2017.11.25-23.37.52:691][  0]LogConsoleResponse: Display: 
[2017.11.25-23.37.52:906][  0]LogCook: Display: Max memory allowance for cook 16384mb min free memory 0mb
[2017.11.25-23.37.52:906][  0]LogCook: Display: Mobile HDR setting 1
[2017.11.25-23.37.52:906][  0]LogGameplayTags: Display: UGameplayTagsManager::DoneAddingNativeTags. DelegateIsBound: 0
[2017.11.25-23.37.54:224][  0]LogFileCache: Scanning file cache for directory 'E:/WORKSPACE/KERMODE/Kermode-Games/Kermode/GAME/Kermode-Hunt/Content/' took 0.03s
[2017.11.25-23.37.54:277][  0]SourceControl: Source control is disabled
[2017.11.25-23.37.54:277][  0]Cmd: MAP LOAD FILE="E:/WORKSPACE/KERMODE/Kermode-Games/Kermode/GAME/Kermode-Hunt/Content/ThirdPersonBP/Maps/ThirdPersonExampleMap.umap" TEMPLATE=0 SHOWPROGRESS=1 FEATURELEVEL=3
[2017.11.25-23.37.54:278][  0]LightingResults: New page: Lighting Build
[2017.11.25-23.37.54:327][  0]MapCheck: New page: Map Check
[2017.11.25-23.37.54:327][  0]LightingResults: New page: Lighting Build
[2017.11.25-23.37.54:382][  0]LogBlueprint: Warning: [Compiler Bear_Anim_BP] Variable Direction is marked as 'Expose on Spawn' but not marked as 'Editable'; please make it 'Editable'
[2017.11.25-23.37.54:387][  0]LogBlueprint: Warning: [Compiler Bear_Anim_BP] Variable Direction is marked as 'Expose on Spawn' but not marked as 'Editable'; please make it 'Editable'
[2017.11.25-23.37.54:392][  0]LogBlueprint: Warning: [Compiler Bear_Anim_BP] Jumping to Landing  will never be taken, please connect something to  Can Enter Transition
[2017.11.25-23.37.54:392][  0]LogBlueprint: Warning: [Compiler Bear_Anim_BP] Landing to Idle  will never be taken, please connect something to  Can Enter Transition
[2017.11.25-23.37.54:392][  0]LogBlueprint: Warning: [Compiler Bear_Anim_BP] Landing to Walk/Run  will never be taken, please connect something to  Can Enter Transition
[2017.11.25-23.37.54:392][  0]LogBlueprint: Warning: [Compiler Bear_Anim_BP] Idle to Jumping  will never be taken, please connect something to  Can Enter Transition
[2017.11.25-23.37.54:392][  0]LogBlueprint: Warning: [Compiler Bear_Anim_BP] Walk/Run to Jumping  will never be taken, please connect something to  Can Enter Transition
[2017.11.25-23.37.54:404][  0]LogBlueprint: Warning: [Compiler Bear_Anim_BP] [0020.38] Compile of Bear_Anim_BP successful, but with 7 Warning(s) [in 22 ms] (/Game/ThirdPersonBP/Bear_Character/Bear_Anim_BP.Bear_Anim_BP)
[2017.11.25-23.37.54:915][  0]LogAIModule: Creating AISystem for world ThirdPersonExampleMap
[2017.11.25-23.37.54:963][  0]LogEditorServer: Finished looking for orphan Actors (0.000 secs)
[2017.11.25-23.37.54:976][  0]Cmd: MAP CHECKDEP NOCLEARLOG
[2017.11.25-23.37.55:035][  0]MapCheck: Map check complete: 0 Error(s), 0 Warning(s), took 59.597ms to complete.
[2017.11.25-23.37.55:035][  0]LogFileHelpers: Loading map 'ThirdPersonExampleMap' took 0.758
[2017.11.25-23.37.55:248][  0]LogCollectionManager: Loaded 0 collections in 0.001687 seconds
[2017.11.25-23.37.55:347][  0]LogFileCache: Scanning file cache for directory 'E:/WORKSPACE/KERMODE/Kermode-Games/Kermode/GAME/Kermode-Hunt/Saved/Collections/' took 0.01s
[2017.11.25-23.37.55:347][  0]LogFileCache: Scanning file cache for directory 'E:/WORKSPACE/KERMODE/Kermode-Games/Kermode/GAME/Kermode-Hunt/Content/Developers/atayl/Collections/' took 0.01s
[2017.11.25-23.37.55:347][  0]LogFileCache: Scanning file cache for directory 'E:/WORKSPACE/KERMODE/Kermode-Games/Kermode/GAME/Kermode-Hunt/Content/Collections/' took 0.01s
[2017.11.25-23.37.55:347][  0]LogCollectionManager: Rebuilt the GUID cache for 0 collections in 0.000000 seconds
[2017.11.25-23.37.55:356][  0]LogContentBrowser: Native class hierarchy populated in 0.0087 seconds. Added 2378 classes and 527 folders.
[2017.11.25-23.37.55:429][  0]LogContentBrowser: Native class hierarchy updated for 'WidgetCarousel' in 0.0002 seconds. Added 0 classes and 0 folders.
[2017.11.25-23.37.55:471][  0]LogContentBrowser: Native class hierarchy updated for 'AddContentDialog' in 0.0002 seconds. Added 0 classes and 0 folders.
[2017.11.25-23.37.55:479][  0]LogSlate: Took 0.000168 seconds to synchronously load lazily loaded font '../../../Engine/Content/Slate/Fonts/Roboto-Regular.ttf' (155K)
[2017.11.25-23.37.55:483][  0]LogSlate: Took 0.000227 seconds to synchronously load lazily loaded font '../../../Engine/Content/Slate/Fonts/Roboto-Bold.ttf' (160K)
[2017.11.25-23.37.55:592][  0]LogRenderer: Reallocating scene render targets to support 1260x928 Format 10 NumSamples 1 (Frame:1).
[2017.11.25-23.37.55:794][  0]LogContentBrowser: Native class hierarchy updated for 'HierarchicalLODOutliner' in 0.0002 seconds. Added 1 classes and 2 folders.
[2017.11.25-23.37.55:794][  0]LogLoad: (Engine Initialization) Total time: 21.77 seconds
[2017.11.25-23.37.55:794][  0]LogLoad: (Engine Initialization) Total Blueprint compile time: 0.00 seconds
[2017.11.25-23.37.55:795][  0]LogExternalProfiler: No external profilers were discovered.  External profiling features will not be available.
[2017.11.25-23.37.56:165][  0]LogContentStreaming: Texture pool size now 1000 MB
[2017.11.25-23.37.56:251][  1]LogRenderer: Reallocating scene render targets to support 1260x944 Format 10 NumSamples 1 (Frame:3).
[2017.11.25-23.37.57:163][  3]LogSlate: Took 0.000206 seconds to synchronously load lazily loaded font '../../../Engine/Content/Slate/Fonts/Roboto-Light.ttf' (159K)
[2017.11.25-23.37.58:141][  6]LogAssetRegistry: Asset discovery search completed in 15.8220 seconds
[2017.11.25-23.37.58:153][  6]LogCollectionManager: Rebuilt the object cache for 0 collections in 0.000000 seconds (found 0 objects)
[2017.11.25-23.37.58:153][  6]LogCollectionManager: Fixed up redirectors for 0 collections in 0.000141 seconds (updated 0 objects)
[2017.11.25-23.38.04:115][ 60]LogSlate: Took 0.000179 seconds to synchronously load lazily loaded font '../../../Engine/Content/Slate/Fonts/Roboto-Light.ttf' (159K)
[2017.11.25-23.38.04:458][ 60]LogContentBrowser: Native class hierarchy updated for 'BlueprintGraph' in 0.0006 seconds. Added 116 classes and 0 folders.
[2017.11.25-23.38.05:806][ 60]LogContentBrowser: Native class hierarchy updated for 'MaterialEditor' in 0.0002 seconds. Added 1 classes and 0 folders.
[2017.11.25-23.38.05:811][ 60]LogMaterial: Missing cached shader map for material M_Tech_Hex_Tile_Pulse, compiling. 
[2017.11.25-23.38.06:168][ 60]LogMaterial: Missing cached shader map for material M_Tech_Hex_Tile_Pulse, compiling. 
[2017.11.25-23.38.06:198][ 60]LogMaterial: Missing cached shader map for material M_Tech_Hex_Tile_Pulse, compiling. 
[2017.11.25-23.38.06:254][ 60]LogMaterial: Missing cached shader map for material FMatExpressionPreview MaterialExpressionTextureSample_37, compiling. 
[2017.11.25-23.38.06:260][ 60]LogMaterial: Missing cached shader map for material FMatExpressionPreview MaterialExpressionVectorParameter_0, compiling. 
[2017.11.25-23.38.06:269][ 60]LogMaterial: Missing cached shader map for material FMatExpressionPreview MaterialExpressionTextureSample_38, compiling. 
[2017.11.25-23.38.06:276][ 60]LogMaterial: Missing cached shader map for material FMatExpressionPreview MaterialExpressionTextureSample_39, compiling. 
[2017.11.25-23.38.06:282][ 60]LogMaterial: Missing cached shader map for material FMatExpressionPreview MaterialExpressionBumpOffset_6, compiling. 
[2017.11.25-23.38.06:288][ 60]LogMaterial: Missing cached shader map for material FMatExpressionPreview MaterialExpressionTextureSample_40, compiling. 
[2017.11.25-23.38.06:297][ 60]LogMaterial: Missing cached shader map for material FMatExpressionPreview MaterialExpressionVectorParameter_24, compiling. 
[2017.11.25-23.38.06:303][ 60]LogMaterial: Missing cached shader map for material FMatExpressionPreview MaterialExpressionVectorParameter_25, compiling. 
[2017.11.25-23.38.06:676][ 60]LogSlate: Took 0.000160 seconds to synchronously load lazily loaded font '../../../Engine/Content/Editor/Slate/Fonts/FontAwesome.ttf' (139K)
[2017.11.25-23.38.06:678][ 60]LogSlate: Took 0.000255 seconds to synchronously load lazily loaded font '../../../Engine/Content/Editor/Slate/Fonts/Roboto-BoldCondensed.ttf' (158K)
[2017.11.25-23.38.06:791][ 61]LogSlate: Took 0.000633 seconds to synchronously load lazily loaded font '../../../Engine/Content/Editor/Slate/Fonts/Roboto-Italic.ttf' (157K)
[2017.11.25-23.38.09:193][186]LogTemp: Repeating last play command: Simulate
[2017.11.25-23.38.09:367][186]LogBlueprintUserMessages: Early PlayInEditor Detection: Level '/Game/ThirdPersonBP/Maps/ThirdPersonExampleMap.ThirdPersonExampleMap:PersistentLevel' has LevelScriptBlueprint '/Game/ThirdPersonBP/Maps/ThirdPersonExampleMap.ThirdPersonExampleMap:PersistentLevel.ThirdPersonExampleMap' with GeneratedClass '/Game/ThirdPersonBP/Maps/ThirdPersonExampleMap.ThirdPersonExampleMap_C' with ClassGeneratedBy '/Game/ThirdPersonBP/Maps/ThirdPersonExampleMap.ThirdPersonExampleMap:PersistentLevel.ThirdPersonExampleMap'
[2017.11.25-23.38.09:368][186]LogPlayLevel: PlayLevel: No blueprints needed recompiling
[2017.11.25-23.38.09:368][186]PIE: New page: SIE session: ThirdPersonExampleMap (Nov 25, 2017, 1:38:09 PM)
[2017.11.25-23.38.09:368][186]LogPlayLevel: Creating play world package: /Game/ThirdPersonBP/Maps/UEDPIE_0_ThirdPersonExampleMap
[2017.11.25-23.38.09:451][186]LogPlayLevel: PIE: StaticDuplicateObject took: (0.082986s)
[2017.11.25-23.38.09:453][186]LogAIModule: Creating AISystem for world ThirdPersonExampleMap
[2017.11.25-23.38.09:453][186]LogPlayLevel: PIE: World Init took: (0.002092s)
[2017.11.25-23.38.09:454][186]LogPlayLevel: PIE: Created PIE world by copying editor world from /Game/ThirdPersonBP/Maps/ThirdPersonExampleMap.ThirdPersonExampleMap to /Game/ThirdPersonBP/Maps/UEDPIE_0_ThirdPersonExampleMap.ThirdPersonExampleMap (0.086134s)
[2017.11.25-23.38.09:504][186]LogInit: XAudio2 using 'Speakers / Headphones (Realtek Audio)' : 6 channels at 48 kHz using 32 bits per sample (channel mask 0x3f)
[2017.11.25-23.38.09:573][186]LogInit: FAudioDevice initialized.
[2017.11.25-23.38.09:632][186]LogLoad: Game class is 'ThirdPersonGameMode_C'
[2017.11.25-23.38.09:641][186]LogWorld: Bringing World /Game/ThirdPersonBP/Maps/UEDPIE_0_ThirdPersonExampleMap.ThirdPersonExampleMap up for play (max tick rate 60) at 2017.11.25-18.38.09
[2017.11.25-23.38.09:642][186]LogWorld: Bringing up level for play took: 0.008505
[2017.11.25-23.38.09:721][186]LogContentBrowser: Native class hierarchy updated for 'MovieSceneCapture' in 0.0004 seconds. Added 11 classes and 0 folders.
[2017.11.25-23.38.09:722][186]PIE: Play in editor start time for /Game/ThirdPersonBP/Maps/UEDPIE_0_ThirdPersonExampleMap 0.545
[2017.11.25-23.38.09:733][186]LogBlueprintUserMessages: Late PlayInEditor Detection: Level '/Game/ThirdPersonBP/Maps/ThirdPersonExampleMap.ThirdPersonExampleMap:PersistentLevel' has LevelScriptBlueprint '/Game/ThirdPersonBP/Maps/ThirdPersonExampleMap.ThirdPersonExampleMap:PersistentLevel.ThirdPersonExampleMap' with GeneratedClass '/Game/ThirdPersonBP/Maps/ThirdPersonExampleMap.ThirdPersonExampleMap_C' with ClassGeneratedBy '/Game/ThirdPersonBP/Maps/ThirdPersonExampleMap.ThirdPersonExampleMap:PersistentLevel.ThirdPersonExampleMap'
[2017.11.25-23.38.09:802][187]MaterialEditorStats: Base pass shader: 69 instructions
[2017.11.25-23.38.09:802][187]MaterialEditorStats: Base pass shader with Surface Lightmap: 108 instructions
[2017.11.25-23.38.09:802][187]MaterialEditorStats: Base pass shader with Volumetric Lightmap: 96 instructions
[2017.11.25-23.38.09:802][187]MaterialEditorStats: Vertex shader: 124 instructions
[2017.11.25-23.38.09:802][187]MaterialEditorStats: Texture samplers: 4/16
[2017.11.25-23.38.09:802][187]MaterialEditorStats: User interpolators: 2/4 Scalars (1/4 Vectors) (TexCoords: 2, Custom: 0)
[2017.11.25-23.38.12:401][337]LogBlueprintUserMessages: Early EndPlayMap Detection: Level '/Game/ThirdPersonBP/Maps/ThirdPersonExampleMap.ThirdPersonExampleMap:PersistentLevel' has LevelScriptBlueprint '/Game/ThirdPersonBP/Maps/ThirdPersonExampleMap.ThirdPersonExampleMap:PersistentLevel.ThirdPersonExampleMap' with GeneratedClass '/Game/ThirdPersonBP/Maps/ThirdPersonExampleMap.ThirdPersonExampleMap_C' with ClassGeneratedBy '/Game/ThirdPersonBP/Maps/ThirdPersonExampleMap.ThirdPersonExampleMap:PersistentLevel.ThirdPersonExampleMap'
[2017.11.25-23.38.12:446][337]LogBlueprintUserMessages: Late EndPlayMap Detection: Level '/Game/ThirdPersonBP/Maps/ThirdPersonExampleMap.ThirdPersonExampleMap:PersistentLevel' has LevelScriptBlueprint '/Game/ThirdPersonBP/Maps/ThirdPersonExampleMap.ThirdPersonExampleMap:PersistentLevel.ThirdPersonExampleMap' with GeneratedClass '/Game/ThirdPersonBP/Maps/ThirdPersonExampleMap.ThirdPersonExampleMap_C' with ClassGeneratedBy '/Game/ThirdPersonBP/Maps/ThirdPersonExampleMap.ThirdPersonExampleMap:PersistentLevel.ThirdPersonExampleMap'
[2017.11.25-23.38.20:694][809]LogActorComponent: UnregisterComponent: (/Engine/Transient.EditorFloorComp) Not registered. Aborting.
[2017.11.25-23.38.20:769][809]LogActorComponent: UnregisterComponent: (/Engine/Transient.EditorFloorComp) Not registered. Aborting.
[2017.11.25-23.38.20:961][809]LogActorComponent: UnregisterComponent: (/Engine/Transient.EditorFloorComp) Not registered. Aborting.
[2017.11.25-23.38.21:014][809]LogWindowsTextInputMethodSystem: Display: IME system now deactivated.
[2017.11.25-23.38.21:014][809]LogWindowsTextInputMethodSystem: Display: IME system now deactivated.
[2017.11.25-23.38.21:227][810]Cmd: QUIT_EDITOR
[2017.11.25-23.38.21:546][810]LogExit: Preparing to exit.
[2017.11.25-23.38.22:274][810]LogExit: Editor shut down
[2017.11.25-23.38.22:277][810]LogExit: Transaction tracking system shut down
[2017.11.25-23.38.22:421][810]LogDirectoryWatcher: A directory notification for '../../../Engine/Content/' was aborted.
[2017.11.25-23.38.22:421][810]LogDirectoryWatcher: A directory notification for 'E:/WORKSPACE/KERMODE/Kermode-Games/Kermode/GAME/Kermode-Hunt/Content/' was aborted.
[2017.11.25-23.38.22:421][810]LogDirectoryWatcher: A directory notification for '../../../Engine/Plugins/2D/Paper2D/Content/' was aborted.
[2017.11.25-23.38.22:421][810]LogDirectoryWatcher: A directory notification for '../../../Engine/Plugins/Media/MediaCompositing/Content/' was aborted.
[2017.11.25-23.38.22:421][810]LogDirectoryWatcher: A directory notification for '../../../Engine/Plugins/Runtime/AppleARKit/Content/' was aborted.
[2017.11.25-23.38.22:421][810]LogDirectoryWatcher: A directory notification for '../../../Engine/Plugins/Runtime/Oculus/OculusVR/Content/' was aborted.
[2017.11.25-23.38.22:421][810]LogDirectoryWatcher: A directory notification for '../../../Engine/Plugins/Runtime/Steam/SteamVR/Content/' was aborted.
[2017.11.25-23.38.22:494][810]LogExit: Object subsystem successfully closed.
[2017.11.25-23.38.22:510][810]LogD3D11RHI: Shutdown
[2017.11.25-23.38.22:510][810]LogD3D11RHI: CleanupD3DDevice
[2017.11.25-23.38.22:513][810]LogD3D11RHI: ~FD3D11DynamicRHI
[2017.11.25-23.38.22:529][810]LogModuleManager: Shutting down and abandoning module MovieSceneCapture (560)
[2017.11.25-23.38.22:529][810]LogModuleManager: Shutting down and abandoning module MaterialEditor (558)
[2017.11.25-23.38.22:529][810]LogModuleManager: Shutting down and abandoning module BlueprintGraph (556)
[2017.11.25-23.38.22:529][810]LogModuleManager: Shutting down and abandoning module HierarchicalLODOutliner (554)
[2017.11.25-23.38.22:529][810]LogModuleManager: Shutting down and abandoning module AddContentDialog (552)
[2017.11.25-23.38.22:529][810]LogDirectoryWatcher: A directory notification for 'C:/Program Files/UE_4.18/FeaturePacks/' was aborted.
[2017.11.25-23.38.22:530][810]LogModuleManager: Shutting down and abandoning module WidgetCarousel (551)
[2017.11.25-23.38.22:530][810]LogModuleManager: Shutting down and abandoning module EditorWidgets (548)
[2017.11.25-23.38.22:530][810]LogModuleManager: Shutting down and abandoning module CollectionManager (546)
[2017.11.25-23.38.22:530][810]LogDirectoryWatcher: A directory notification for 'E:/WORKSPACE/KERMODE/Kermode-Games/Kermode/GAME/Kermode-Hunt/Content/Collections/' was aborted.
[2017.11.25-23.38.22:530][810]LogDirectoryWatcher: A directory notification for 'E:/WORKSPACE/KERMODE/Kermode-Games/Kermode/GAME/Kermode-Hunt/Content/Developers/atayl/Collections/' was aborted.
[2017.11.25-23.38.22:530][810]LogDirectoryWatcher: A directory notification for 'E:/WORKSPACE/KERMODE/Kermode-Games/Kermode/GAME/Kermode-Hunt/Saved/Collections/' was aborted.
[2017.11.25-23.38.22:530][810]LogModuleManager: Shutting down and abandoning module SceneOutliner (544)
[2017.11.25-23.38.22:530][810]LogModuleManager: Shutting down and abandoning module StatsViewer (542)
[2017.11.25-23.38.22:530][810]LogModuleManager: Shutting down and abandoning module FoliageEdit (540)
[2017.11.25-23.38.22:530][810]LogModuleManager: Shutting down and abandoning module LandscapeEditor (538)
[2017.11.25-23.38.22:530][810]LogModuleManager: Shutting down and abandoning module MeshPaintMode (536)
[2017.11.25-23.38.22:530][810]LogModuleManager: Shutting down and abandoning module SceneDepthPickerMode (534)
[2017.11.25-23.38.22:530][810]LogModuleManager: Shutting down and abandoning module ActorPickerMode (532)
[2017.11.25-23.38.22:530][810]LogModuleManager: Shutting down and abandoning module GeometryMode (530)
[2017.11.25-23.38.22:530][810]LogModuleManager: Shutting down and abandoning module TextureAlignMode (528)
[2017.11.25-23.38.22:530][810]LogModuleManager: Shutting down and abandoning module BspMode (526)
[2017.11.25-23.38.22:530][810]LogModuleManager: Shutting down and abandoning module PIEPreviewDeviceProfileSelector (524)
[2017.11.25-23.38.22:530][810]LogModuleManager: Shutting down and abandoning module HardwareSurvey (522)
[2017.11.25-23.38.22:530][810]LogModuleManager: Shutting down and abandoning module SequenceRecorderSections (520)
[2017.11.25-23.38.22:530][810]LogModuleManager: Shutting down and abandoning module AutomationWorker (518)
[2017.11.25-23.38.22:530][810]LogModuleManager: Shutting down and abandoning module MatineeToLevelSequence (516)
[2017.11.25-23.38.22:530][810]LogModuleManager: Shutting down and abandoning module LevelSequenceEditor (514)
[2017.11.25-23.38.22:530][810]LogModuleManager: Shutting down and abandoning module PlacementMode (513)
[2017.11.25-23.38.22:530][810]LogModuleManager: Shutting down and abandoning module WmfMediaFactory (510)
[2017.11.25-23.38.22:530][810]LogModuleManager: Shutting down and abandoning module WmfMediaEditor (508)
[2017.11.25-23.38.22:530][810]LogModuleManager: Shutting down and abandoning module OpenExrWrapper (506)
[2017.11.25-23.38.22:530][810]LogModuleManager: Shutting down and abandoning module ImgMediaFactory (504)
[2017.11.25-23.38.22:530][810]LogModuleManager: Shutting down and abandoning module ImgMediaEditor (502)
[2017.11.25-23.38.22:530][810]LogModuleManager: Shutting down and abandoning module AvfMediaFactory (500)
[2017.11.25-23.38.22:530][810]LogModuleManager: Shutting down and abandoning module AvfMediaEditor (498)
[2017.11.25-23.38.22:530][810]LogModuleManager: Shutting down and abandoning module AndroidMediaFactory (496)
[2017.11.25-23.38.22:530][810]LogModuleManager: Shutting down and abandoning module AndroidMediaEditor (494)
[2017.11.25-23.38.22:531][810]LogModuleManager: Shutting down and abandoning module CharacterAI (492)
[2017.11.25-23.38.22:531][810]LogModuleManager: Shutting down and abandoning module AudioCapture (490)
[2017.11.25-23.38.22:531][810]LogModuleManager: Shutting down and abandoning module SequenceRecorder (489)
[2017.11.25-23.38.22:531][810]LogModuleManager: Shutting down and abandoning module SmartSnapping (486)
[2017.11.25-23.38.22:531][810]LogModuleManager: Shutting down and abandoning module SessionServices (484)
[2017.11.25-23.38.22:531][810]LogModuleManager: Shutting down and abandoning module ViewportSnapping (482)
[2017.11.25-23.38.22:531][810]LogModuleManager: Shutting down and abandoning module ViewportInteraction (480)
[2017.11.25-23.38.22:531][810]LogModuleManager: Shutting down and abandoning module ClothPainter (478)
[2017.11.25-23.38.22:531][810]LogModuleManager: Shutting down and abandoning module SkeletalMeshEditor (477)
[2017.11.25-23.38.22:531][810]LogModuleManager: Shutting down and abandoning module LogVisualizer (474)
[2017.11.25-23.38.22:531][810]LogModuleManager: Shutting down and abandoning module IntroTutorials (472)
[2017.11.25-23.38.22:531][810]LogModuleManager: Shutting down and abandoning module GameProjectGeneration (471)
[2017.11.25-23.38.22:531][810]LogModuleManager: Shutting down and abandoning module IOSPlatformEditor (468)
[2017.11.25-23.38.22:531][810]LogModuleManager: Shutting down and abandoning module HTML5PlatformEditor (466)
[2017.11.25-23.38.22:531][810]LogModuleManager: Shutting down and abandoning module AndroidPlatformEditor (464)
[2017.11.25-23.38.22:531][810]LogModuleManager: Shutting down and abandoning module AndroidDeviceDetection (463)
[2017.11.25-23.38.23:300][810]LogModuleManager: Shutting down and abandoning module WindowsPlatformEditor (460)
[2017.11.25-23.38.23:300][810]LogModuleManager: Shutting down and abandoning module IOSRuntimeSettings (458)
[2017.11.25-23.38.23:300][810]LogModuleManager: Shutting down and abandoning module AndroidRuntimeSettings (456)
[2017.11.25-23.38.23:300][810]LogModuleManager: Shutting down and abandoning module InputBindingEditor (454)
[2017.11.25-23.38.23:300][810]LogModuleManager: Shutting down and abandoning module MergeActors (452)
[2017.11.25-23.38.23:300][810]LogModuleManager: Shutting down and abandoning module SizeMap (450)
[2017.11.25-23.38.23:300][810]LogModuleManager: Shutting down and abandoning module TreeMap (448)
[2017.11.25-23.38.23:300][810]LogModuleManager: Shutting down and abandoning module ReferenceViewer (446)
[2017.11.25-23.38.23:300][810]LogModuleManager: Shutting down and abandoning module LocalizationDashboard (444)
[2017.11.25-23.38.23:300][810]LogModuleManager: Shutting down and abandoning module LocalizationService (443)
[2017.11.25-23.38.23:300][810]LogModuleManager: Shutting down and abandoning module HardwareTargeting (440)
[2017.11.25-23.38.23:300][810]LogModuleManager: Shutting down and abandoning module DeviceProfileEditor (438)
[2017.11.25-23.38.23:300][810]LogModuleManager: Shutting down and abandoning module UndoHistory (436)
[2017.11.25-23.38.23:300][810]LogModuleManager: Shutting down and abandoning module XmlParser (434)
[2017.11.25-23.38.23:300][810]LogModuleManager: Shutting down and abandoning module Blutility (432)
[2017.11.25-23.38.23:300][810]LogModuleManager: Shutting down and abandoning module ProjectSettingsViewer (430)
[2017.11.25-23.38.23:300][810]LogModuleManager: Shutting down and abandoning module ProjectTargetPlatformEditor (429)
[2017.11.25-23.38.23:301][810]LogModuleManager: Shutting down and abandoning module EditorSettingsViewer (426)
[2017.11.25-23.38.23:301][810]LogModuleManager: Shutting down and abandoning module SettingsEditor (424)
[2017.11.25-23.38.23:301][810]LogModuleManager: Shutting down and abandoning module ProjectLauncher (422)
[2017.11.25-23.38.23:301][810]LogModuleManager: Shutting down and abandoning module SessionFrontend (420)
[2017.11.25-23.38.23:301][810]LogModuleManager: Shutting down and abandoning module ProfilerClient (418)
[2017.11.25-23.38.23:301][810]LogModuleManager: Shutting down and abandoning module DeviceManager (416)
[2017.11.25-23.38.23:301][810]LogModuleManager: Shutting down and abandoning module TargetDeviceServices (415)
[2017.11.25-23.38.23:357][810]LogModuleManager: Shutting down and abandoning module AutomationController (412)
[2017.11.25-23.38.23:357][810]LogModuleManager: Shutting down and abandoning module AutomationWindow (410)
[2017.11.25-23.38.23:357][810]LogModuleManager: Shutting down and abandoning module Layers (408)
[2017.11.25-23.38.23:357][810]LogModuleManager: Shutting down and abandoning module ComponentVisualizers (406)
[2017.11.25-23.38.23:357][810]LogModuleManager: Shutting down and abandoning module DetailCustomizations (404)
[2017.11.25-23.38.23:357][810]LogModuleManager: Shutting down and abandoning module PackagesDialog (402)
[2017.11.25-23.38.23:357][810]LogModuleManager: Shutting down and abandoning module Persona (400)
[2017.11.25-23.38.23:357][810]LogModuleManager: Shutting down and abandoning module AdvancedPreviewScene (399)
[2017.11.25-23.38.23:357][810]LogModuleManager: Shutting down and abandoning module AnimGraph (397)
[2017.11.25-23.38.23:357][810]LogModuleManager: Shutting down and abandoning module Kismet (394)
[2017.11.25-23.38.23:363][810]LogModuleManager: Shutting down and abandoning module ClassViewer (392)
[2017.11.25-23.38.23:363][810]LogModuleManager: Shutting down and abandoning module Toolbox (390)
[2017.11.25-23.38.23:363][810]LogModuleManager: Shutting down and abandoning module ModuleUI (388)
[2017.11.25-23.38.23:363][810]LogModuleManager: Shutting down and abandoning module MovieSceneTools (386)
[2017.11.25-23.38.23:363][810]LogModuleManager: Shutting down and abandoning module OutputLog (384)
[2017.11.25-23.38.23:363][810]LogModuleManager: Shutting down and abandoning module GammaUI (382)
[2017.11.25-23.38.23:363][810]LogModuleManager: Shutting down and abandoning module Documentation (380)
[2017.11.25-23.38.23:363][810]LogModuleManager: Shutting down and abandoning module MovieSceneTracks (378)
[2017.11.25-23.38.23:363][810]LogModuleManager: Shutting down and abandoning module MovieScene (376)
[2017.11.25-23.38.23:363][810]LogModuleManager: Shutting down and abandoning module StreamingPauseRendering (374)
[2017.11.25-23.38.23:363][810]LogModuleManager: Shutting down and abandoning module LauncherPlatform (372)
[2017.11.25-23.38.23:363][810]LogModuleManager: Shutting down and abandoning module AnalyticsET (370)
[2017.11.25-23.38.23:363][810]LogModuleManager: Shutting down and abandoning module PortalServices (368)
[2017.11.25-23.38.23:363][810]LogModuleManager: Shutting down and abandoning module PortalRpc (366)
[2017.11.25-23.38.23:363][810]LogModuleManager: Shutting down and abandoning module MessagingRpc (364)
[2017.11.25-23.38.23:363][810]LogModuleManager: Shutting down and abandoning module AIModule (362)
[2017.11.25-23.38.23:364][810]LogModuleManager: Shutting down and abandoning module GameplayDebugger (361)
[2017.11.25-23.38.23:364][810]LogModuleManager: Shutting down and abandoning module AITestSuite (359)
[2017.11.25-23.38.23:364][810]LogModuleManager: Shutting down and abandoning module DesktopPlatform (356)
[2017.11.25-23.38.23:364][810]LogModuleManager: Shutting down and abandoning module ProfilerService (354)
[2017.11.25-23.38.23:510][810]LogModuleManager: Shutting down and abandoning module TaskGraph (352)
[2017.11.25-23.38.23:511][810]LogModuleManager: Shutting down and abandoning module SubstanceSource (350)
[2017.11.25-23.38.23:511][810]LogModuleManager: Shutting down and abandoning module SubstanceEditor (348)
[2017.11.25-23.38.23:511][810]LogModuleManager: Shutting down and abandoning module SteamVRController (346)
[2017.11.25-23.38.23:511][810]LogModuleManager: Shutting down and abandoning module ProceduralMeshComponentEditor (344)
[2017.11.25-23.38.23:511][810]LogModuleManager: Shutting down and abandoning module ProceduralMeshComponent (342)
[2017.11.25-23.38.23:511][810]LogModuleManager: Shutting down and abandoning module OculusInput (340)
[2017.11.25-23.38.23:511][810]LogModuleManager: Shutting down and abandoning module MobilePatchingUtils (338)
[2017.11.25-23.38.23:511][810]LogModuleManager: Shutting down and abandoning module CustomMeshComponent (336)
[2017.11.25-23.38.23:511][810]LogModuleManager: Shutting down and abandoning module CableComponent (334)
[2017.11.25-23.38.23:511][810]LogModuleManager: Shutting down and abandoning module ArchVisCharacter (332)
[2017.11.25-23.38.23:511][810]LogModuleManager: Shutting down and abandoning module AndroidPermission (330)
[2017.11.25-23.38.23:511][810]LogModuleManager: Shutting down and abandoning module ActorSequence (326)
[2017.11.25-23.38.23:511][810]LogModuleManager: Shutting down and abandoning module MediaPlayerEditor (324)
[2017.11.25-23.38.23:511][810]LogModuleManager: Shutting down and abandoning module MediaCompositingEditor (322)
[2017.11.25-23.38.23:511][810]LogModuleManager: Shutting down and abandoning module MediaCompositing (320)
[2017.11.25-23.38.23:511][810]LogModuleManager: Shutting down and abandoning module HTML5Networking (318)
[2017.11.25-23.38.23:511][810]LogModuleManager: Shutting down and abandoning module AlembicImporter (316)
[2017.11.25-23.38.23:511][810]LogModuleManager: Shutting down and abandoning module AlembicLibrary (315)
[2017.11.25-23.38.23:511][810]LogModuleManager: Shutting down and abandoning module GeometryCache (314)
[2017.11.25-23.38.23:511][810]LogModuleManager: Shutting down and abandoning module GeometryCacheEd (313)
[2017.11.25-23.38.23:511][810]LogModuleManager: Shutting down and abandoning module SpeedTreeImporter (308)
[2017.11.25-23.38.23:511][810]LogModuleManager: Shutting down and abandoning module PluginBrowser (306)
[2017.11.25-23.38.23:512][810]LogModuleManager: Shutting down and abandoning module MobileLauncherProfileWizard (304)
[2017.11.25-23.38.23:512][810]LogModuleManager: Shutting down and abandoning module VisualStudioSourceCodeAccess (302)
[2017.11.25-23.38.23:512][810]LogModuleManager: Shutting down and abandoning module VisualStudioCodeSourceCodeAccess (300)
[2017.11.25-23.38.23:512][810]LogModuleManager: Shutting down and abandoning module UObjectPlugin (298)
[2017.11.25-23.38.23:512][810]LogModuleManager: Shutting down and abandoning module SubversionSourceControl (296)
[2017.11.25-23.38.23:512][810]LogModuleManager: Shutting down and abandoning module PerforceSourceControl (294)
[2017.11.25-23.38.23:512][810]LogModuleManager: Shutting down and abandoning module GitSourceControl (292)
[2017.11.25-23.38.23:512][810]LogModuleManager: Shutting down and abandoning module SourceControl (291)
[2017.11.25-23.38.23:512][810]LogModuleManager: Shutting down and abandoning module LightPropagationVolumeEditor (288)
[2017.11.25-23.38.23:512][810]LogModuleManager: Shutting down and abandoning module PaperTiledImporter (286)
[2017.11.25-23.38.23:512][810]LogModuleManager: Shutting down and abandoning module PaperSpriteSheetImporter (284)
[2017.11.25-23.38.23:512][810]LogModuleManager: Shutting down and abandoning module Paper2DEditor (282)
[2017.11.25-23.38.23:512][810]LogModuleManager: Shutting down and abandoning module MeshPaint (281)
[2017.11.25-23.38.23:512][810]LogModuleManager: Shutting down and abandoning module LevelEditor (279)
[2017.11.25-23.38.23:514][810]LogModuleManager: Shutting down and abandoning module PixelInspectorModule (278)
[2017.11.25-23.38.23:514][810]LogModuleManager: Shutting down and abandoning module MainFrame (276)
[2017.11.25-23.38.23:514][810]LogModuleManager: Shutting down and abandoning module HotReload (275)
[2017.11.25-23.38.23:515][810]LogModuleManager: Shutting down and abandoning module RuntimePhysXCooking (270)
[2017.11.25-23.38.23:515][810]LogModuleManager: Shutting down and abandoning module PhysXVehiclesEditor (268)
[2017.11.25-23.38.23:515][810]LogModuleManager: Shutting down and abandoning module PhysXVehicles (266)
[2017.11.25-23.38.23:515][810]LogModuleManager: Shutting down and abandoning module OculusEditor (264)
[2017.11.25-23.38.23:515][810]LogModuleManager: Shutting down and abandoning module LocationServicesBPLibrary (262)
[2017.11.25-23.38.23:515][810]LogModuleManager: Shutting down and abandoning module ImmediatePhysicsEditor (260)
[2017.11.25-23.38.23:515][810]LogModuleManager: Shutting down and abandoning module ImmediatePhysics (258)
[2017.11.25-23.38.23:515][810]LogModuleManager: Shutting down and abandoning module UdpMessaging (256)
[2017.11.25-23.38.23:616][810]LogModuleManager: Shutting down and abandoning module TcpMessaging (254)
[2017.11.25-23.38.23:717][810]LogModuleManager: Shutting down and abandoning module SubstanceCore (252)
[2017.11.25-23.38.23:717][810]LogModuleManager: Shutting down and abandoning module GameplayTagsEditor (250)
[2017.11.25-23.38.23:717][810]LogModuleManager: Shutting down and abandoning module FacialAnimationEditor (248)
[2017.11.25-23.38.23:717][810]LogModuleManager: Shutting down and abandoning module FacialAnimation (246)
[2017.11.25-23.38.23:717][810]LogModuleManager: Shutting down and abandoning module AssetManagerEditor (244)
[2017.11.25-23.38.23:717][810]LogModuleManager: Shutting down and abandoning module GraphEditor (243)
[2017.11.25-23.38.23:717][810]LogModuleManager: Shutting down and abandoning module ContentBrowser (241)
[2017.11.25-23.38.23:719][810]LogModuleManager: Shutting down and abandoning module LightPropagationVolumeRuntime (238)
[2017.11.25-23.38.23:719][810]LogModuleManager: Shutting down and abandoning module Paper2D (236)
[2017.11.25-23.38.23:719][810]LogModuleManager: Shutting down and abandoning module WindowsMoviePlayer (234)
[2017.11.25-23.38.23:719][810]LogModuleManager: Shutting down and abandoning module WmfMedia (232)
[2017.11.25-23.38.23:722][810]LogModuleManager: Shutting down and abandoning module ImgMedia (230)
[2017.11.25-23.38.23:722][810]LogModuleManager: Shutting down and abandoning module PacketHandler (228)
[2017.11.25-23.38.23:722][810]LogModuleManager: Shutting down and abandoning module ClothingSystemEditor (226)
[2017.11.25-23.38.23:722][810]LogModuleManager: Shutting down and abandoning module ClothingSystemRuntime (224)
[2017.11.25-23.38.23:722][810]LogModuleManager: Shutting down and abandoning module MediaAssets (222)
[2017.11.25-23.38.23:722][810]LogModuleManager: Shutting down and abandoning module Media (221)
[2017.11.25-23.38.23:729][810]LogModuleManager: Shutting down and abandoning module Overlay (218)
[2017.11.25-23.38.23:729][810]LogModuleManager: Shutting down and abandoning module OverlayEditor (217)
[2017.11.25-23.38.23:729][810]LogModuleManager: Shutting down and abandoning module VREditor (214)
[2017.11.25-23.38.23:729][810]LogModuleManager: Shutting down and abandoning module StringTableEditor (212)
[2017.11.25-23.38.23:729][810]LogModuleManager: Shutting down and abandoning module GameplayTasksEditor (210)
[2017.11.25-23.38.23:729][810]LogModuleManager: Shutting down and abandoning module BehaviorTreeEditor (208)
[2017.11.25-23.38.23:729][810]LogModuleManager: Shutting down and abandoning module FunctionalTesting (206)
[2017.11.25-23.38.23:729][810]LogModuleManager: Shutting down and abandoning module CollisionAnalyzer (204)
[2017.11.25-23.38.23:729][810]LogModuleManager: Shutting down and abandoning module WorkspaceMenuStructure (203)
[2017.11.25-23.38.23:729][810]LogModuleManager: Shutting down and abandoning module UMG (200)
[2017.11.25-23.38.23:729][810]LogModuleManager: Shutting down and abandoning module UMGEditor (199)
[2017.11.25-23.38.23:729][810]LogModuleManager: Shutting down and abandoning module Sequencer (198)
[2017.11.25-23.38.23:729][810]LogModuleManager: Shutting down and abandoning module MessageLog (195)
[2017.11.25-23.38.23:729][810]LogModuleManager: Shutting down and abandoning module SlateReflector (190)
[2017.11.25-23.38.23:730][810]LogModuleManager: Shutting down and abandoning module Slate (188)
[2017.11.25-23.38.23:730][810]LogModuleManager: Shutting down and abandoning module EditorStyle (186)
[2017.11.25-23.38.23:734][810]LogModuleManager: Shutting down and abandoning module MRMesh (184)
[2017.11.25-23.38.23:734][810]LogModuleManager: Shutting down and abandoning module SourceCodeAccess (182)
[2017.11.25-23.38.23:734][810]LogModuleManager: Shutting down and abandoning module HeadMountedDisplay (180)
[2017.11.25-23.38.23:734][810]LogModuleManager: Shutting down and abandoning module XAudio2 (178)
[2017.11.25-23.38.23:734][810]LogModuleManager: Shutting down and abandoning module Networking (176)
[2017.11.25-23.38.23:735][810]LogModuleManager: Shutting down and abandoning module Core (172)
[2017.11.25-23.38.23:735][810]LogModuleManager: Shutting down and abandoning module LevelSequence (168)
[2017.11.25-23.38.23:735][810]LogModuleManager: Shutting down and abandoning module DirectoryWatcher (166)
[2017.11.25-23.38.23:736][810]LogModuleManager: Shutting down and abandoning module KismetCompiler (164)
[2017.11.25-23.38.23:736][810]LogModuleManager: Shutting down and abandoning module MeshUtilities (162)
[2017.11.25-23.38.23:736][810]LogModuleManager: Shutting down and abandoning module MeshMergeUtilities (161)
[2017.11.25-23.38.23:736][810]LogModuleManager: Shutting down and abandoning module MeshReductionInterface (160)
[2017.11.25-23.38.23:736][810]LogModuleManager: Shutting down and abandoning module SimplygonSwarm (159)
[2017.11.25-23.38.23:736][810]LogModuleManager: Shutting down and abandoning module SimplygonMeshReduction (157)
[2017.11.25-23.38.23:736][810]LogModuleManager: Shutting down and abandoning module QuadricMeshReduction (155)
[2017.11.25-23.38.23:736][810]LogModuleManager: Shutting down and abandoning module MaterialBaking (151)
[2017.11.25-23.38.23:736][810]LogModuleManager: Shutting down and abandoning module DerivedDataCache (148)
[2017.11.25-23.38.23:828][810]LogDerivedDataCache: Shutdown
[2017.11.25-23.38.23:828][810]LogModuleManager: Shutting down and abandoning module TargetPlatform (146)
[2017.11.25-23.38.23:828][810]LogModuleManager: Shutting down and abandoning module VulkanShaderFormat (145)
[2017.11.25-23.38.23:828][810]LogModuleManager: Shutting down and abandoning module ShaderFormatVectorVM (143)
[2017.11.25-23.38.23:828][810]LogModuleManager: Shutting down and abandoning module ShaderFormatOpenGL (141)
[2017.11.25-23.38.23:828][810]LogModuleManager: Shutting down and abandoning module ShaderFormatD3D (139)
[2017.11.25-23.38.23:828][810]LogModuleManager: Shutting down and abandoning module MetalShaderFormat (137)
[2017.11.25-23.38.23:828][810]LogModuleManager: Shutting down and abandoning module TextureFormatUncompressed (135)
[2017.11.25-23.38.23:828][810]LogModuleManager: Shutting down and abandoning module TextureFormatPVR (133)
[2017.11.25-23.38.23:828][810]LogModuleManager: Shutting down and abandoning module TextureFormatDXT (131)
[2017.11.25-23.38.23:828][810]LogModuleManager: Shutting down and abandoning module TextureFormatIntelISPCTexComp (129)
[2017.11.25-23.38.23:828][810]LogModuleManager: Shutting down and abandoning module TextureFormatASTC (127)
[2017.11.25-23.38.23:828][810]LogModuleManager: Shutting down and abandoning module ImageWrapper (126)
[2017.11.25-23.38.23:828][810]LogModuleManager: Shutting down and abandoning module TextureFormatAndroid (123)
[2017.11.25-23.38.23:829][810]LogModuleManager: Shutting down and abandoning module AudioFormatOpus (121)
[2017.11.25-23.38.23:829][810]LogModuleManager: Shutting down and abandoning module AudioFormatOgg (119)
[2017.11.25-23.38.23:829][810]LogModuleManager: Shutting down and abandoning module AudioFormatADPCM (117)
[2017.11.25-23.38.23:829][810]LogModuleManager: Shutting down and abandoning module LinuxTargetPlatform (115)
[2017.11.25-23.38.23:829][810]LogModuleManager: Shutting down and abandoning module LinuxServerTargetPlatform (113)
[2017.11.25-23.38.23:829][810]LogModuleManager: Shutting down and abandoning module LinuxNoEditorTargetPlatform (111)
[2017.11.25-23.38.23:829][810]LogModuleManager: Shutting down and abandoning module LinuxClientTargetPlatform (109)
[2017.11.25-23.38.23:829][810]LogModuleManager: Shutting down and abandoning module TVOSTargetPlatform (107)
[2017.11.25-23.38.23:829][810]LogModuleManager: Shutting down and abandoning module Messaging (105)
[2017.11.25-23.38.23:829][810]LogModuleManager: Shutting down and abandoning module IOSTargetPlatform (103)
[2017.11.25-23.38.23:829][810]LogModuleManager: Shutting down and abandoning module HTML5TargetPlatform (101)
[2017.11.25-23.38.23:829][810]LogModuleManager: Shutting down and abandoning module AndroidTargetPlatform (99)
[2017.11.25-23.38.23:829][810]LogModuleManager: Shutting down and abandoning module Android_PVRTCTargetPlatform (97)
[2017.11.25-23.38.23:829][810]LogModuleManager: Shutting down and abandoning module Android_MultiTargetPlatform (95)
[2017.11.25-23.38.23:829][810]LogModuleManager: Shutting down and abandoning module Android_ETC2TargetPlatform (93)
[2017.11.25-23.38.23:829][810]LogModuleManager: Shutting down and abandoning module Android_ETC1TargetPlatform (91)
[2017.11.25-23.38.23:829][810]LogModuleManager: Shutting down and abandoning module Android_DXTTargetPlatform (89)
[2017.11.25-23.38.23:829][810]LogModuleManager: Shutting down and abandoning module Android_ATCTargetPlatform (87)
[2017.11.25-23.38.23:829][810]LogModuleManager: Shutting down and abandoning module Android_ASTCTargetPlatform (85)
[2017.11.25-23.38.23:829][810]LogModuleManager: Shutting down and abandoning module WindowsTargetPlatform (83)
[2017.11.25-23.38.23:829][810]LogModuleManager: Shutting down and abandoning module WindowsServerTargetPlatform (81)
[2017.11.25-23.38.23:829][810]LogModuleManager: Shutting down and abandoning module WindowsNoEditorTargetPlatform (79)
[2017.11.25-23.38.23:829][810]LogModuleManager: Shutting down and abandoning module WindowsClientTargetPlatform (77)
[2017.11.25-23.38.23:829][810]LogModuleManager: Shutting down and abandoning module MacTargetPlatform (75)
[2017.11.25-23.38.23:829][810]LogModuleManager: Shutting down and abandoning module MacServerTargetPlatform (73)
[2017.11.25-23.38.23:830][810]LogModuleManager: Shutting down and abandoning module MacNoEditorTargetPlatform (71)
[2017.11.25-23.38.23:830][810]LogModuleManager: Shutting down and abandoning module MacClientTargetPlatform (69)
[2017.11.25-23.38.23:830][810]LogModuleManager: Shutting down and abandoning module AllDesktopTargetPlatform (67)
[2017.11.25-23.38.23:830][810]LogModuleManager: Shutting down and abandoning module InputCore (64)
[2017.11.25-23.38.23:830][810]LogModuleManager: Shutting down and abandoning module Settings (62)
[2017.11.25-23.38.23:830][810]LogModuleManager: Shutting down and abandoning module PhysXCooking (60)
[2017.11.25-23.38.23:830][810]LogModuleManager: Shutting down and abandoning module SteamVR (58)
[2017.11.25-23.38.23:830][810]LogModuleManager: Shutting down and abandoning module OculusHMD (56)
[2017.11.25-23.38.23:830][810]LogModuleManager: Shutting down and abandoning module ExampleDeviceProfileSelector (54)
[2017.11.25-23.38.23:830][810]LogModuleManager: Shutting down and abandoning module AppleARKit (52)
[2017.11.25-23.38.23:830][810]LogModuleManager: Shutting down and abandoning module AugmentedReality (51)
[2017.11.25-23.38.23:830][810]LogModuleManager: Shutting down and abandoning module OnlineBlueprintSupport (48)
[2017.11.25-23.38.23:830][810]LogModuleManager: Shutting down and abandoning module OnlineSubsystem (44)
[2017.11.25-23.38.23:830][810]LogModuleManager: Shutting down and abandoning module XMPP (43)
[2017.11.25-23.38.23:830][810]LogModuleManager: Shutting down and abandoning module HTTP (41)
[2017.11.25-23.38.23:830][810]LogHttp: Display: Http module shutting down, but needs to wait on 1 outstanding Http requests:
[2017.11.25-23.38.23:830][810]LogHttp: Display: 	verb=[POST] url=[https://datarouter.ol.epicgames.com/datarouter/api/v1/public/data?SessionID=%7B5CDB8845-47CE-E59F-E3F5-38B3D0DE6C4D%7D&AppID=UEEditor.Rocket.Release&AppVersion=4.18.0-3709383%2B%2B%2BUE4%2BRelease-4.18&UserID=1843e5d64c91cb3b9aee709e7f049188%7C124c424b975747428f11098cf022dd89%7C476349a1-71a9-4a2b-99b2-2b1d55596a8a&AppEnvironment=datacollector-binary&UploadType=eteventstream] status=Processing
[2017.11.25-23.38.23:846][810]LogModuleManager: Shutting down and abandoning module SSL (40)
[2017.11.25-23.38.23:849][810]LogModuleManager: Shutting down and abandoning module AnimationModifiers (36)
[2017.11.25-23.38.23:850][810]LogModuleManager: Shutting down and abandoning module PropertyEditor (35)
[2017.11.25-23.38.23:850][810]LogModuleManager: Shutting down and abandoning module AudioEditor (32)
[2017.11.25-23.38.23:850][810]LogModuleManager: Shutting down and abandoning module TextureCompressor (30)
[2017.11.25-23.38.23:850][810]LogModuleManager: Shutting down and abandoning module ShaderCore (28)
[2017.11.25-23.38.23:850][810]LogModuleManager: Shutting down and abandoning module Landscape (26)
[2017.11.25-23.38.23:850][810]LogModuleManager: Shutting down and abandoning module SlateRHIRenderer (24)
[2017.11.25-23.38.23:851][810]LogModuleManager: Shutting down and abandoning module OpenGLDrv (22)
[2017.11.25-23.38.23:851][810]LogModuleManager: Shutting down and abandoning module D3D11RHI (20)
[2017.11.25-23.38.23:851][810]LogModuleManager: Shutting down and abandoning module AnimGraphRuntime (18)
[2017.11.25-23.38.23:851][810]LogModuleManager: Shutting down and abandoning module Renderer (16)
[2017.11.25-23.38.23:851][810]LogModuleManager: Shutting down and abandoning module Engine (14)
[2017.11.25-23.38.23:851][810]LogModuleManager: Shutting down and abandoning module CoreUObject (12)
[2017.11.25-23.38.23:851][810]LogModuleManager: Shutting down and abandoning module NetworkFile (10)
[2017.11.25-23.38.23:851][810]LogModuleManager: Shutting down and abandoning module CookedIterativeFile (8)
[2017.11.25-23.38.23:851][810]LogModuleManager: Shutting down and abandoning module StreamingFile (6)
[2017.11.25-23.38.23:851][810]LogModuleManager: Shutting down and abandoning module SandboxFile (4)
[2017.11.25-23.38.23:851][810]LogModuleManager: Shutting down and abandoning module PakFile (2)
[2017.11.25-23.38.23:858][810]LogExit: Exiting.
[2017.11.25-23.38.23:888][810]Log file closed, 11/25/17 18:38:23
